<?xml version="1.0" encoding="UTF-8"?>
<robot generator="Robot 7.0 (Python 3.10.0 on win32)" generated="2024-03-07T11:28:47.986394" rpa="false" schemaversion="5">
<suite id="s1" name="Internship-exercises" source="C:\Users\agiurgea\PycharmProjects\Internship-exercises">
<suite id="s1-s1" name="RobotFramework" source="C:\Users\agiurgea\PycharmProjects\Internship-exercises\RobotFramework">
<suite id="s1-s1-s1" name="Logcat" source="C:\Users\agiurgea\PycharmProjects\Internship-exercises\RobotFramework\logcat.robot">
<test id="s1-s1-s1-t1" name="Test Logcat Analysis" line="23">
<kw name="Create List" owner="BuiltIn">
<msg time="2024-03-07T11:28:48.032281" level="INFO">${EMPTY_LIST} = []</msg>
<var>${EMPTY_LIST}</var>
<doc>Returns a list containing given items.</doc>
<status status="PASS" start="2024-03-07T11:28:48.031286" elapsed="0.000995"/>
</kw>
<kw name="Parse Logcat">
<kw name="Get File" owner="OperatingSystem">
<msg time="2024-03-07T11:28:48.033295" level="INFO" html="true">Getting file '&lt;a href="file://C:\Users\agiurgea\PycharmProjects\Internship-exercises\RobotFramework\logcat_applications.txt"&gt;C:\Users\agiurgea\PycharmProjects\Internship-exercises\RobotFramework\logcat_applications.txt&lt;/a&gt;'.</msg>
<msg time="2024-03-07T11:28:48.038260" level="INFO">${log_file} = --------- beginning of main
03-14 17:55:47.856  5535  5619 I System.out: Broadcasting: Intent { act=com.samsung.intent.action.BIG_DATA_INFO (has extras) }
03-14 17:55:47.857  4830 17522 E power   : IS...</msg>
<var>${log_file}</var>
<arg>${input_file}</arg>
<doc>Returns the contents of a specified file.</doc>
<status status="PASS" start="2024-03-07T11:28:48.033295" elapsed="0.004965"/>
</kw>
<kw name="Get Regexp Matches" owner="String">
<msg time="2024-03-07T11:28:52.086808" level="INFO">${lines} = ['03-14 17:56:07.504  5230  7316 I ActivityTaskManager: START u0 {act=android.intent.action.MAIN cat=[android.intent.category.LAUNCHER] flg=0x10200000 cmp=com.sec.android.app.camera/.Camera bnds=[529,...</msg>
<var>${lines}</var>
<arg>${log_file}</arg>
<arg>${REGEX_ACTIVITY}</arg>
<doc>Returns a list of all non-overlapping matches in the given string.</doc>
<status status="PASS" start="2024-03-07T11:28:48.038260" elapsed="4.048548"/>
</kw>
<kw name="Create Dictionary" owner="BuiltIn">
<msg time="2024-03-07T11:28:52.087805" level="INFO">${packages_dict} = {}</msg>
<var>${packages_dict}</var>
<doc>Creates and returns a dictionary based on the given ``items``.</doc>
<status status="PASS" start="2024-03-07T11:28:52.087805" elapsed="0.000000"/>
</kw>
<for flavor="IN">
<iter>
<kw name="Get Regexp Matches" owner="String">
<msg time="2024-03-07T11:28:52.087805" level="INFO">${timestamp_package} = ['03-14 17:56:07.504', 'com.sec.android.app.camera']</msg>
<var>${timestamp_package}</var>
<arg>${line}</arg>
<arg>${REGEX_TIMESTAMP_PACKAGE}</arg>
<doc>Returns a list of all non-overlapping matches in the given string.</doc>
<status status="PASS" start="2024-03-07T11:28:52.087805" elapsed="0.000000"/>
</kw>
<kw name="Append to Dictionary">
<kw name="Set Variable" owner="BuiltIn">
<msg time="2024-03-07T11:28:52.088802" level="INFO">${timestamp} = 03-14 17:56:07.504</msg>
<var>${timestamp}</var>
<arg>${timestamp_package}[0]</arg>
<doc>Returns the given values which can then be assigned to a variables.</doc>
<status status="PASS" start="2024-03-07T11:28:52.088802" elapsed="0.000000"/>
</kw>
<kw name="Set Variable" owner="BuiltIn">
<msg time="2024-03-07T11:28:52.088802" level="INFO">${package} = com.sec.android.app.camera</msg>
<var>${package}</var>
<arg>${timestamp_package}[1]</arg>
<doc>Returns the given values which can then be assigned to a variables.</doc>
<status status="PASS" start="2024-03-07T11:28:52.088802" elapsed="0.000000"/>
</kw>
<kw name="Get From Dictionary" owner="Collections">
<msg time="2024-03-07T11:28:52.089730" level="INFO">${value} = </msg>
<var>${value}</var>
<arg>${dictionary}</arg>
<arg>${package}</arg>
<arg>${EMPTY_LIST}</arg>
<doc>Returns a value from the given ``dictionary`` based on the given ``key``.</doc>
<status status="PASS" start="2024-03-07T11:28:52.089730" elapsed="0.000000"/>
</kw>
<kw name="Get Length" owner="BuiltIn">
<msg time="2024-03-07T11:28:52.089730" level="INFO">Length is 0.</msg>
<msg time="2024-03-07T11:28:52.089730" level="INFO">${length} = 0</msg>
<var>${length}</var>
<arg>${value}</arg>
<doc>Returns and logs the length of the given item as an integer.</doc>
<status status="PASS" start="2024-03-07T11:28:52.089730" elapsed="0.000000"/>
</kw>
<if>
<branch type="IF" condition="${length} == 0">
<kw name="Create List" owner="BuiltIn">
<msg time="2024-03-07T11:28:52.089730" level="INFO">${value} = ['03-14 17:56:07.504', '0', '0']</msg>
<var>${value}</var>
<arg>${timestamp}</arg>
<arg>0</arg>
<arg>0</arg>
<doc>Returns a list containing given items.</doc>
<status status="PASS" start="2024-03-07T11:28:52.089730" elapsed="0.000000"/>
</kw>
<status status="PASS" start="2024-03-07T11:28:52.089730" elapsed="0.000000"/>
</branch>
<branch type="ELSE">
<kw name="Set List Value" owner="Collections">
<arg>${value}</arg>
<arg>1</arg>
<arg>${timestamp}</arg>
<doc>Sets the value of ``list`` specified by ``index`` to the given ``value``.</doc>
<status status="NOT RUN" start="2024-03-07T11:28:52.090792" elapsed="0.000000"/>
</kw>
<status status="NOT RUN" start="2024-03-07T11:28:52.089730" elapsed="0.001062"/>
</branch>
<status status="PASS" start="2024-03-07T11:28:52.089730" elapsed="0.001062"/>
</if>
<kw name="Convert To String" owner="BuiltIn">
<msg time="2024-03-07T11:28:52.090792" level="INFO">${is_ended} = 0</msg>
<var>${is_ended}</var>
<arg>${value}[1]</arg>
<doc>Converts the given item to a Unicode string.</doc>
<status status="PASS" start="2024-03-07T11:28:52.090792" elapsed="0.000000"/>
</kw>
<if>
<branch type="IF" condition="$is_ended != '0'">
<kw name="Catenate" owner="BuiltIn">
<var>${start_datetime}</var>
<arg>SEPARATOR=-</arg>
<arg>2023</arg>
<arg>${value}[0]</arg>
<doc>Catenates the given items together and returns the resulted string.</doc>
<status status="NOT RUN" start="2024-03-07T11:28:52.092779" elapsed="0.000000"/>
</kw>
<kw name="Catenate" owner="BuiltIn">
<var>${end_datetime}</var>
<arg>SEPARATOR=-</arg>
<arg>2023</arg>
<arg>${value}[1]</arg>
<doc>Catenates the given items together and returns the resulted string.</doc>
<status status="NOT RUN" start="2024-03-07T11:28:52.092779" elapsed="0.000000"/>
</kw>
<kw name="Convert Date" owner="DateTime">
<var>${start_datetime}</var>
<arg>${start_datetime}</arg>
<arg>result_format=%Y-%m-%d %H:%M:%S.%f</arg>
<doc>Converts between supported `date formats`.</doc>
<status status="NOT RUN" start="2024-03-07T11:28:52.092779" elapsed="0.000000"/>
</kw>
<kw name="Convert Date" owner="DateTime">
<var>${end_datetime}</var>
<arg>${end_datetime}</arg>
<arg>result_format=%Y-%m-%d %H:%M:%S.%f</arg>
<doc>Converts between supported `date formats`.</doc>
<status status="NOT RUN" start="2024-03-07T11:28:52.092779" elapsed="0.000000"/>
</kw>
<kw name="Subtract Date From Date" owner="DateTime">
<var>${time_diff}</var>
<arg>${end_datetime}</arg>
<arg>${start_datetime}</arg>
<doc>Subtracts date from another date and returns time between.</doc>
<status status="NOT RUN" start="2024-03-07T11:28:52.093784" elapsed="0.000000"/>
</kw>
<kw name="Set List Value" owner="Collections">
<arg>${value}</arg>
<arg>2</arg>
<arg>${time_diff}</arg>
<doc>Sets the value of ``list`` specified by ``index`` to the given ``value``.</doc>
<status status="NOT RUN" start="2024-03-07T11:28:52.093784" elapsed="0.000000"/>
</kw>
<status status="NOT RUN" start="2024-03-07T11:28:52.090792" elapsed="0.002992"/>
</branch>
<status status="PASS" start="2024-03-07T11:28:52.090792" elapsed="0.002992"/>
</if>
<kw name="Set To Dictionary" owner="Collections">
<arg>${dictionary}</arg>
<arg>${package}</arg>
<arg>${value}</arg>
<doc>Adds the given ``key_value_pairs`` and/or ``items`` to the ``dictionary``.</doc>
<status status="PASS" start="2024-03-07T11:28:52.093784" elapsed="0.000000"/>
</kw>
<arg>${timestamp_package}</arg>
<arg>${packages_dict}</arg>
<status status="PASS" start="2024-03-07T11:28:52.088802" elapsed="0.004982"/>
</kw>
<var name="${line}">03-14 17:56:07.504  5230  7316 I ActivityTaskManager: START u0 {act=android.intent.action.MAIN cat=[android.intent.category.LAUNCHER] flg=0x10200000 cmp=com.sec.android.app.camera/.Camera bnds=[529,13...</var>
<status status="PASS" start="2024-03-07T11:28:52.087805" elapsed="0.005979"/>
</iter>
<iter>
<kw name="Get Regexp Matches" owner="String">
<msg time="2024-03-07T11:28:52.093784" level="INFO">${timestamp_package} = ['03-14 17:56:29.534', 'com.netflix.mediaclient']</msg>
<var>${timestamp_package}</var>
<arg>${line}</arg>
<arg>${REGEX_TIMESTAMP_PACKAGE}</arg>
<doc>Returns a list of all non-overlapping matches in the given string.</doc>
<status status="PASS" start="2024-03-07T11:28:52.093784" elapsed="0.000000"/>
</kw>
<kw name="Append to Dictionary">
<kw name="Set Variable" owner="BuiltIn">
<msg time="2024-03-07T11:28:52.094780" level="INFO">${timestamp} = 03-14 17:56:29.534</msg>
<var>${timestamp}</var>
<arg>${timestamp_package}[0]</arg>
<doc>Returns the given values which can then be assigned to a variables.</doc>
<status status="PASS" start="2024-03-07T11:28:52.094780" elapsed="0.000000"/>
</kw>
<kw name="Set Variable" owner="BuiltIn">
<msg time="2024-03-07T11:28:52.094780" level="INFO">${package} = com.netflix.mediaclient</msg>
<var>${package}</var>
<arg>${timestamp_package}[1]</arg>
<doc>Returns the given values which can then be assigned to a variables.</doc>
<status status="PASS" start="2024-03-07T11:28:52.094780" elapsed="0.000000"/>
</kw>
<kw name="Get From Dictionary" owner="Collections">
<msg time="2024-03-07T11:28:52.094780" level="INFO">${value} = </msg>
<var>${value}</var>
<arg>${dictionary}</arg>
<arg>${package}</arg>
<arg>${EMPTY_LIST}</arg>
<doc>Returns a value from the given ``dictionary`` based on the given ``key``.</doc>
<status status="PASS" start="2024-03-07T11:28:52.094780" elapsed="0.000000"/>
</kw>
<kw name="Get Length" owner="BuiltIn">
<msg time="2024-03-07T11:28:52.095783" level="INFO">Length is 0.</msg>
<msg time="2024-03-07T11:28:52.095783" level="INFO">${length} = 0</msg>
<var>${length}</var>
<arg>${value}</arg>
<doc>Returns and logs the length of the given item as an integer.</doc>
<status status="PASS" start="2024-03-07T11:28:52.094780" elapsed="0.001003"/>
</kw>
<if>
<branch type="IF" condition="${length} == 0">
<kw name="Create List" owner="BuiltIn">
<msg time="2024-03-07T11:28:52.095783" level="INFO">${value} = ['03-14 17:56:29.534', '0', '0']</msg>
<var>${value}</var>
<arg>${timestamp}</arg>
<arg>0</arg>
<arg>0</arg>
<doc>Returns a list containing given items.</doc>
<status status="PASS" start="2024-03-07T11:28:52.095783" elapsed="0.000000"/>
</kw>
<status status="PASS" start="2024-03-07T11:28:52.095783" elapsed="0.000000"/>
</branch>
<branch type="ELSE">
<kw name="Set List Value" owner="Collections">
<arg>${value}</arg>
<arg>1</arg>
<arg>${timestamp}</arg>
<doc>Sets the value of ``list`` specified by ``index`` to the given ``value``.</doc>
<status status="NOT RUN" start="2024-03-07T11:28:52.095783" elapsed="0.000000"/>
</kw>
<status status="NOT RUN" start="2024-03-07T11:28:52.095783" elapsed="0.000000"/>
</branch>
<status status="PASS" start="2024-03-07T11:28:52.095783" elapsed="0.000000"/>
</if>
<kw name="Convert To String" owner="BuiltIn">
<msg time="2024-03-07T11:28:52.095783" level="INFO">${is_ended} = 0</msg>
<var>${is_ended}</var>
<arg>${value}[1]</arg>
<doc>Converts the given item to a Unicode string.</doc>
<status status="PASS" start="2024-03-07T11:28:52.095783" elapsed="0.000000"/>
</kw>
<if>
<branch type="IF" condition="$is_ended != '0'">
<kw name="Catenate" owner="BuiltIn">
<var>${start_datetime}</var>
<arg>SEPARATOR=-</arg>
<arg>2023</arg>
<arg>${value}[0]</arg>
<doc>Catenates the given items together and returns the resulted string.</doc>
<status status="NOT RUN" start="2024-03-07T11:28:52.095783" elapsed="0.000000"/>
</kw>
<kw name="Catenate" owner="BuiltIn">
<var>${end_datetime}</var>
<arg>SEPARATOR=-</arg>
<arg>2023</arg>
<arg>${value}[1]</arg>
<doc>Catenates the given items together and returns the resulted string.</doc>
<status status="NOT RUN" start="2024-03-07T11:28:52.096776" elapsed="0.000000"/>
</kw>
<kw name="Convert Date" owner="DateTime">
<var>${start_datetime}</var>
<arg>${start_datetime}</arg>
<arg>result_format=%Y-%m-%d %H:%M:%S.%f</arg>
<doc>Converts between supported `date formats`.</doc>
<status status="NOT RUN" start="2024-03-07T11:28:52.096776" elapsed="0.000000"/>
</kw>
<kw name="Convert Date" owner="DateTime">
<var>${end_datetime}</var>
<arg>${end_datetime}</arg>
<arg>result_format=%Y-%m-%d %H:%M:%S.%f</arg>
<doc>Converts between supported `date formats`.</doc>
<status status="NOT RUN" start="2024-03-07T11:28:52.096776" elapsed="0.000000"/>
</kw>
<kw name="Subtract Date From Date" owner="DateTime">
<var>${time_diff}</var>
<arg>${end_datetime}</arg>
<arg>${start_datetime}</arg>
<doc>Subtracts date from another date and returns time between.</doc>
<status status="NOT RUN" start="2024-03-07T11:28:52.096776" elapsed="0.000000"/>
</kw>
<kw name="Set List Value" owner="Collections">
<arg>${value}</arg>
<arg>2</arg>
<arg>${time_diff}</arg>
<doc>Sets the value of ``list`` specified by ``index`` to the given ``value``.</doc>
<status status="NOT RUN" start="2024-03-07T11:28:52.096776" elapsed="0.000000"/>
</kw>
<status status="NOT RUN" start="2024-03-07T11:28:52.095783" elapsed="0.000993"/>
</branch>
<status status="PASS" start="2024-03-07T11:28:52.095783" elapsed="0.000993"/>
</if>
<kw name="Set To Dictionary" owner="Collections">
<arg>${dictionary}</arg>
<arg>${package}</arg>
<arg>${value}</arg>
<doc>Adds the given ``key_value_pairs`` and/or ``items`` to the ``dictionary``.</doc>
<status status="PASS" start="2024-03-07T11:28:52.096776" elapsed="0.000000"/>
</kw>
<arg>${timestamp_package}</arg>
<arg>${packages_dict}</arg>
<status status="PASS" start="2024-03-07T11:28:52.094780" elapsed="0.001996"/>
</kw>
<var name="${line}">03-14 17:56:29.534  5230  7331 I ActivityTaskManager: START u0 {act=android.intent.action.MAIN cat=[android.intent.category.LAUNCHER] flg=0x10200000 cmp=com.netflix.mediaclient/.ui.launch.UIWebViewAct...</var>
<status status="PASS" start="2024-03-07T11:28:52.093784" elapsed="0.002992"/>
</iter>
<iter>
<kw name="Get Regexp Matches" owner="String">
<msg time="2024-03-07T11:28:52.096776" level="INFO">${timestamp_package} = ['03-14 17:56:30.882', 'com.sec.android.app.camera']</msg>
<var>${timestamp_package}</var>
<arg>${line}</arg>
<arg>${REGEX_TIMESTAMP_PACKAGE}</arg>
<doc>Returns a list of all non-overlapping matches in the given string.</doc>
<status status="PASS" start="2024-03-07T11:28:52.096776" elapsed="0.000000"/>
</kw>
<kw name="Append to Dictionary">
<kw name="Set Variable" owner="BuiltIn">
<msg time="2024-03-07T11:28:52.097772" level="INFO">${timestamp} = 03-14 17:56:30.882</msg>
<var>${timestamp}</var>
<arg>${timestamp_package}[0]</arg>
<doc>Returns the given values which can then be assigned to a variables.</doc>
<status status="PASS" start="2024-03-07T11:28:52.097772" elapsed="0.000000"/>
</kw>
<kw name="Set Variable" owner="BuiltIn">
<msg time="2024-03-07T11:28:52.097772" level="INFO">${package} = com.sec.android.app.camera</msg>
<var>${package}</var>
<arg>${timestamp_package}[1]</arg>
<doc>Returns the given values which can then be assigned to a variables.</doc>
<status status="PASS" start="2024-03-07T11:28:52.097772" elapsed="0.000000"/>
</kw>
<kw name="Get From Dictionary" owner="Collections">
<msg time="2024-03-07T11:28:52.098766" level="INFO">${value} = ['03-14 17:56:07.504', '0', '0']</msg>
<var>${value}</var>
<arg>${dictionary}</arg>
<arg>${package}</arg>
<arg>${EMPTY_LIST}</arg>
<doc>Returns a value from the given ``dictionary`` based on the given ``key``.</doc>
<status status="PASS" start="2024-03-07T11:28:52.097772" elapsed="0.000994"/>
</kw>
<kw name="Get Length" owner="BuiltIn">
<msg time="2024-03-07T11:28:52.098766" level="INFO">Length is 3.</msg>
<msg time="2024-03-07T11:28:52.098766" level="INFO">${length} = 3</msg>
<var>${length}</var>
<arg>${value}</arg>
<doc>Returns and logs the length of the given item as an integer.</doc>
<status status="PASS" start="2024-03-07T11:28:52.098766" elapsed="0.000000"/>
</kw>
<if>
<branch type="IF" condition="${length} == 0">
<kw name="Create List" owner="BuiltIn">
<var>${value}</var>
<arg>${timestamp}</arg>
<arg>0</arg>
<arg>0</arg>
<doc>Returns a list containing given items.</doc>
<status status="NOT RUN" start="2024-03-07T11:28:52.098766" elapsed="0.000000"/>
</kw>
<status status="NOT RUN" start="2024-03-07T11:28:52.098766" elapsed="0.000000"/>
</branch>
<branch type="ELSE">
<kw name="Set List Value" owner="Collections">
<arg>${value}</arg>
<arg>1</arg>
<arg>${timestamp}</arg>
<doc>Sets the value of ``list`` specified by ``index`` to the given ``value``.</doc>
<status status="PASS" start="2024-03-07T11:28:52.098766" elapsed="0.000000"/>
</kw>
<status status="PASS" start="2024-03-07T11:28:52.098766" elapsed="0.000000"/>
</branch>
<status status="PASS" start="2024-03-07T11:28:52.098766" elapsed="0.000000"/>
</if>
<kw name="Convert To String" owner="BuiltIn">
<msg time="2024-03-07T11:28:52.099765" level="INFO">${is_ended} = 03-14 17:56:30.882</msg>
<var>${is_ended}</var>
<arg>${value}[1]</arg>
<doc>Converts the given item to a Unicode string.</doc>
<status status="PASS" start="2024-03-07T11:28:52.099765" elapsed="0.000000"/>
</kw>
<if>
<branch type="IF" condition="$is_ended != '0'">
<kw name="Catenate" owner="BuiltIn">
<msg time="2024-03-07T11:28:52.099765" level="INFO">${start_datetime} = 2023-03-14 17:56:07.504</msg>
<var>${start_datetime}</var>
<arg>SEPARATOR=-</arg>
<arg>2023</arg>
<arg>${value}[0]</arg>
<doc>Catenates the given items together and returns the resulted string.</doc>
<status status="PASS" start="2024-03-07T11:28:52.099765" elapsed="0.000000"/>
</kw>
<kw name="Catenate" owner="BuiltIn">
<msg time="2024-03-07T11:28:52.099765" level="INFO">${end_datetime} = 2023-03-14 17:56:30.882</msg>
<var>${end_datetime}</var>
<arg>SEPARATOR=-</arg>
<arg>2023</arg>
<arg>${value}[1]</arg>
<doc>Catenates the given items together and returns the resulted string.</doc>
<status status="PASS" start="2024-03-07T11:28:52.099765" elapsed="0.000000"/>
</kw>
<kw name="Convert Date" owner="DateTime">
<msg time="2024-03-07T11:28:52.102752" level="INFO">${start_datetime} = 2023-03-14 17:56:07.504000</msg>
<var>${start_datetime}</var>
<arg>${start_datetime}</arg>
<arg>result_format=%Y-%m-%d %H:%M:%S.%f</arg>
<doc>Converts between supported `date formats`.</doc>
<status status="PASS" start="2024-03-07T11:28:52.099765" elapsed="0.002987"/>
</kw>
<kw name="Convert Date" owner="DateTime">
<msg time="2024-03-07T11:28:52.103747" level="INFO">${end_datetime} = 2023-03-14 17:56:30.882000</msg>
<var>${end_datetime}</var>
<arg>${end_datetime}</arg>
<arg>result_format=%Y-%m-%d %H:%M:%S.%f</arg>
<doc>Converts between supported `date formats`.</doc>
<status status="PASS" start="2024-03-07T11:28:52.102752" elapsed="0.000995"/>
</kw>
<kw name="Subtract Date From Date" owner="DateTime">
<msg time="2024-03-07T11:28:52.103747" level="INFO">${time_diff} = 23.378</msg>
<var>${time_diff}</var>
<arg>${end_datetime}</arg>
<arg>${start_datetime}</arg>
<doc>Subtracts date from another date and returns time between.</doc>
<status status="PASS" start="2024-03-07T11:28:52.103747" elapsed="0.000000"/>
</kw>
<kw name="Set List Value" owner="Collections">
<arg>${value}</arg>
<arg>2</arg>
<arg>${time_diff}</arg>
<doc>Sets the value of ``list`` specified by ``index`` to the given ``value``.</doc>
<status status="PASS" start="2024-03-07T11:28:52.103747" elapsed="0.000000"/>
</kw>
<status status="PASS" start="2024-03-07T11:28:52.099765" elapsed="0.003982"/>
</branch>
<status status="PASS" start="2024-03-07T11:28:52.099765" elapsed="0.003982"/>
</if>
<kw name="Set To Dictionary" owner="Collections">
<arg>${dictionary}</arg>
<arg>${package}</arg>
<arg>${value}</arg>
<doc>Adds the given ``key_value_pairs`` and/or ``items`` to the ``dictionary``.</doc>
<status status="PASS" start="2024-03-07T11:28:52.103747" elapsed="0.000000"/>
</kw>
<arg>${timestamp_package}</arg>
<arg>${packages_dict}</arg>
<status status="PASS" start="2024-03-07T11:28:52.097772" elapsed="0.005975"/>
</kw>
<var name="${line}">03-14 17:56:30.882  5230  5252 I Layer: Destroyed ActivityRecord{d2590bc u0 com.sec.android.app.camera}</var>
<status status="PASS" start="2024-03-07T11:28:52.096776" elapsed="0.006971"/>
</iter>
<iter>
<kw name="Get Regexp Matches" owner="String">
<msg time="2024-03-07T11:28:52.104770" level="INFO">${timestamp_package} = ['03-14 17:56:33.783', 'com.android.vending', 'com.google.android.finsky.activities.MainActivity']</msg>
<var>${timestamp_package}</var>
<arg>${line}</arg>
<arg>${REGEX_TIMESTAMP_PACKAGE}</arg>
<doc>Returns a list of all non-overlapping matches in the given string.</doc>
<status status="PASS" start="2024-03-07T11:28:52.104770" elapsed="0.000000"/>
</kw>
<kw name="Append to Dictionary">
<kw name="Set Variable" owner="BuiltIn">
<msg time="2024-03-07T11:28:52.104770" level="INFO">${timestamp} = 03-14 17:56:33.783</msg>
<var>${timestamp}</var>
<arg>${timestamp_package}[0]</arg>
<doc>Returns the given values which can then be assigned to a variables.</doc>
<status status="PASS" start="2024-03-07T11:28:52.104770" elapsed="0.000000"/>
</kw>
<kw name="Set Variable" owner="BuiltIn">
<msg time="2024-03-07T11:28:52.104770" level="INFO">${package} = com.android.vending</msg>
<var>${package}</var>
<arg>${timestamp_package}[1]</arg>
<doc>Returns the given values which can then be assigned to a variables.</doc>
<status status="PASS" start="2024-03-07T11:28:52.104770" elapsed="0.000000"/>
</kw>
<kw name="Get From Dictionary" owner="Collections">
<msg time="2024-03-07T11:28:52.105818" level="INFO">${value} = </msg>
<var>${value}</var>
<arg>${dictionary}</arg>
<arg>${package}</arg>
<arg>${EMPTY_LIST}</arg>
<doc>Returns a value from the given ``dictionary`` based on the given ``key``.</doc>
<status status="PASS" start="2024-03-07T11:28:52.105818" elapsed="0.000000"/>
</kw>
<kw name="Get Length" owner="BuiltIn">
<msg time="2024-03-07T11:28:52.105818" level="INFO">Length is 0.</msg>
<msg time="2024-03-07T11:28:52.105818" level="INFO">${length} = 0</msg>
<var>${length}</var>
<arg>${value}</arg>
<doc>Returns and logs the length of the given item as an integer.</doc>
<status status="PASS" start="2024-03-07T11:28:52.105818" elapsed="0.000000"/>
</kw>
<if>
<branch type="IF" condition="${length} == 0">
<kw name="Create List" owner="BuiltIn">
<msg time="2024-03-07T11:28:52.105818" level="INFO">${value} = ['03-14 17:56:33.783', '0', '0']</msg>
<var>${value}</var>
<arg>${timestamp}</arg>
<arg>0</arg>
<arg>0</arg>
<doc>Returns a list containing given items.</doc>
<status status="PASS" start="2024-03-07T11:28:52.105818" elapsed="0.000000"/>
</kw>
<status status="PASS" start="2024-03-07T11:28:52.105818" elapsed="0.000000"/>
</branch>
<branch type="ELSE">
<kw name="Set List Value" owner="Collections">
<arg>${value}</arg>
<arg>1</arg>
<arg>${timestamp}</arg>
<doc>Sets the value of ``list`` specified by ``index`` to the given ``value``.</doc>
<status status="NOT RUN" start="2024-03-07T11:28:52.105818" elapsed="0.000000"/>
</kw>
<status status="NOT RUN" start="2024-03-07T11:28:52.105818" elapsed="0.000000"/>
</branch>
<status status="PASS" start="2024-03-07T11:28:52.105818" elapsed="0.000000"/>
</if>
<kw name="Convert To String" owner="BuiltIn">
<msg time="2024-03-07T11:28:52.106819" level="INFO">${is_ended} = 0</msg>
<var>${is_ended}</var>
<arg>${value}[1]</arg>
<doc>Converts the given item to a Unicode string.</doc>
<status status="PASS" start="2024-03-07T11:28:52.105818" elapsed="0.001001"/>
</kw>
<if>
<branch type="IF" condition="$is_ended != '0'">
<kw name="Catenate" owner="BuiltIn">
<var>${start_datetime}</var>
<arg>SEPARATOR=-</arg>
<arg>2023</arg>
<arg>${value}[0]</arg>
<doc>Catenates the given items together and returns the resulted string.</doc>
<status status="NOT RUN" start="2024-03-07T11:28:52.106819" elapsed="0.000000"/>
</kw>
<kw name="Catenate" owner="BuiltIn">
<var>${end_datetime}</var>
<arg>SEPARATOR=-</arg>
<arg>2023</arg>
<arg>${value}[1]</arg>
<doc>Catenates the given items together and returns the resulted string.</doc>
<status status="NOT RUN" start="2024-03-07T11:28:52.106819" elapsed="0.000000"/>
</kw>
<kw name="Convert Date" owner="DateTime">
<var>${start_datetime}</var>
<arg>${start_datetime}</arg>
<arg>result_format=%Y-%m-%d %H:%M:%S.%f</arg>
<doc>Converts between supported `date formats`.</doc>
<status status="NOT RUN" start="2024-03-07T11:28:52.106819" elapsed="0.000000"/>
</kw>
<kw name="Convert Date" owner="DateTime">
<var>${end_datetime}</var>
<arg>${end_datetime}</arg>
<arg>result_format=%Y-%m-%d %H:%M:%S.%f</arg>
<doc>Converts between supported `date formats`.</doc>
<status status="NOT RUN" start="2024-03-07T11:28:52.106819" elapsed="0.000000"/>
</kw>
<kw name="Subtract Date From Date" owner="DateTime">
<var>${time_diff}</var>
<arg>${end_datetime}</arg>
<arg>${start_datetime}</arg>
<doc>Subtracts date from another date and returns time between.</doc>
<status status="NOT RUN" start="2024-03-07T11:28:52.106819" elapsed="0.000000"/>
</kw>
<kw name="Set List Value" owner="Collections">
<arg>${value}</arg>
<arg>2</arg>
<arg>${time_diff}</arg>
<doc>Sets the value of ``list`` specified by ``index`` to the given ``value``.</doc>
<status status="NOT RUN" start="2024-03-07T11:28:52.106819" elapsed="0.000000"/>
</kw>
<status status="NOT RUN" start="2024-03-07T11:28:52.106819" elapsed="0.000000"/>
</branch>
<status status="PASS" start="2024-03-07T11:28:52.106819" elapsed="0.000000"/>
</if>
<kw name="Set To Dictionary" owner="Collections">
<arg>${dictionary}</arg>
<arg>${package}</arg>
<arg>${value}</arg>
<doc>Adds the given ``key_value_pairs`` and/or ``items`` to the ``dictionary``.</doc>
<status status="PASS" start="2024-03-07T11:28:52.106819" elapsed="0.000999"/>
</kw>
<arg>${timestamp_package}</arg>
<arg>${packages_dict}</arg>
<status status="PASS" start="2024-03-07T11:28:52.104770" elapsed="0.003048"/>
</kw>
<var name="${line}">03-14 17:56:33.783  5230  7966 I ActivityTaskManager: START u0 {act=android.intent.action.VIEW dat=http://market.android.com/... cmp=com.android.vending/com.google.android.finsky.activities.MainActivi...</var>
<status status="PASS" start="2024-03-07T11:28:52.104770" elapsed="0.003048"/>
</iter>
<iter>
<kw name="Get Regexp Matches" owner="String">
<msg time="2024-03-07T11:28:52.107818" level="INFO">${timestamp_package} = ['03-14 17:56:40.793', 'com.spotify.music']</msg>
<var>${timestamp_package}</var>
<arg>${line}</arg>
<arg>${REGEX_TIMESTAMP_PACKAGE}</arg>
<doc>Returns a list of all non-overlapping matches in the given string.</doc>
<status status="PASS" start="2024-03-07T11:28:52.107818" elapsed="0.000000"/>
</kw>
<kw name="Append to Dictionary">
<kw name="Set Variable" owner="BuiltIn">
<msg time="2024-03-07T11:28:52.108811" level="INFO">${timestamp} = 03-14 17:56:40.793</msg>
<var>${timestamp}</var>
<arg>${timestamp_package}[0]</arg>
<doc>Returns the given values which can then be assigned to a variables.</doc>
<status status="PASS" start="2024-03-07T11:28:52.107818" elapsed="0.000993"/>
</kw>
<kw name="Set Variable" owner="BuiltIn">
<msg time="2024-03-07T11:28:52.108811" level="INFO">${package} = com.spotify.music</msg>
<var>${package}</var>
<arg>${timestamp_package}[1]</arg>
<doc>Returns the given values which can then be assigned to a variables.</doc>
<status status="PASS" start="2024-03-07T11:28:52.108811" elapsed="0.000000"/>
</kw>
<kw name="Get From Dictionary" owner="Collections">
<msg time="2024-03-07T11:28:52.108811" level="INFO">${value} = </msg>
<var>${value}</var>
<arg>${dictionary}</arg>
<arg>${package}</arg>
<arg>${EMPTY_LIST}</arg>
<doc>Returns a value from the given ``dictionary`` based on the given ``key``.</doc>
<status status="PASS" start="2024-03-07T11:28:52.108811" elapsed="0.000000"/>
</kw>
<kw name="Get Length" owner="BuiltIn">
<msg time="2024-03-07T11:28:52.108811" level="INFO">Length is 0.</msg>
<msg time="2024-03-07T11:28:52.108811" level="INFO">${length} = 0</msg>
<var>${length}</var>
<arg>${value}</arg>
<doc>Returns and logs the length of the given item as an integer.</doc>
<status status="PASS" start="2024-03-07T11:28:52.108811" elapsed="0.000000"/>
</kw>
<if>
<branch type="IF" condition="${length} == 0">
<kw name="Create List" owner="BuiltIn">
<msg time="2024-03-07T11:28:52.108811" level="INFO">${value} = ['03-14 17:56:40.793', '0', '0']</msg>
<var>${value}</var>
<arg>${timestamp}</arg>
<arg>0</arg>
<arg>0</arg>
<doc>Returns a list containing given items.</doc>
<status status="PASS" start="2024-03-07T11:28:52.108811" elapsed="0.000000"/>
</kw>
<status status="PASS" start="2024-03-07T11:28:52.108811" elapsed="0.001000"/>
</branch>
<branch type="ELSE">
<kw name="Set List Value" owner="Collections">
<arg>${value}</arg>
<arg>1</arg>
<arg>${timestamp}</arg>
<doc>Sets the value of ``list`` specified by ``index`` to the given ``value``.</doc>
<status status="NOT RUN" start="2024-03-07T11:28:52.109811" elapsed="0.000000"/>
</kw>
<status status="NOT RUN" start="2024-03-07T11:28:52.109811" elapsed="0.000000"/>
</branch>
<status status="PASS" start="2024-03-07T11:28:52.108811" elapsed="0.001000"/>
</if>
<kw name="Convert To String" owner="BuiltIn">
<msg time="2024-03-07T11:28:52.109811" level="INFO">${is_ended} = 0</msg>
<var>${is_ended}</var>
<arg>${value}[1]</arg>
<doc>Converts the given item to a Unicode string.</doc>
<status status="PASS" start="2024-03-07T11:28:52.109811" elapsed="0.000000"/>
</kw>
<if>
<branch type="IF" condition="$is_ended != '0'">
<kw name="Catenate" owner="BuiltIn">
<var>${start_datetime}</var>
<arg>SEPARATOR=-</arg>
<arg>2023</arg>
<arg>${value}[0]</arg>
<doc>Catenates the given items together and returns the resulted string.</doc>
<status status="NOT RUN" start="2024-03-07T11:28:52.109811" elapsed="0.000000"/>
</kw>
<kw name="Catenate" owner="BuiltIn">
<var>${end_datetime}</var>
<arg>SEPARATOR=-</arg>
<arg>2023</arg>
<arg>${value}[1]</arg>
<doc>Catenates the given items together and returns the resulted string.</doc>
<status status="NOT RUN" start="2024-03-07T11:28:52.109811" elapsed="0.000000"/>
</kw>
<kw name="Convert Date" owner="DateTime">
<var>${start_datetime}</var>
<arg>${start_datetime}</arg>
<arg>result_format=%Y-%m-%d %H:%M:%S.%f</arg>
<doc>Converts between supported `date formats`.</doc>
<status status="NOT RUN" start="2024-03-07T11:28:52.109811" elapsed="0.000992"/>
</kw>
<kw name="Convert Date" owner="DateTime">
<var>${end_datetime}</var>
<arg>${end_datetime}</arg>
<arg>result_format=%Y-%m-%d %H:%M:%S.%f</arg>
<doc>Converts between supported `date formats`.</doc>
<status status="NOT RUN" start="2024-03-07T11:28:52.110803" elapsed="0.000000"/>
</kw>
<kw name="Subtract Date From Date" owner="DateTime">
<var>${time_diff}</var>
<arg>${end_datetime}</arg>
<arg>${start_datetime}</arg>
<doc>Subtracts date from another date and returns time between.</doc>
<status status="NOT RUN" start="2024-03-07T11:28:52.110803" elapsed="0.000000"/>
</kw>
<kw name="Set List Value" owner="Collections">
<arg>${value}</arg>
<arg>2</arg>
<arg>${time_diff}</arg>
<doc>Sets the value of ``list`` specified by ``index`` to the given ``value``.</doc>
<status status="NOT RUN" start="2024-03-07T11:28:52.110803" elapsed="0.000000"/>
</kw>
<status status="NOT RUN" start="2024-03-07T11:28:52.109811" elapsed="0.000992"/>
</branch>
<status status="PASS" start="2024-03-07T11:28:52.109811" elapsed="0.000992"/>
</if>
<kw name="Set To Dictionary" owner="Collections">
<arg>${dictionary}</arg>
<arg>${package}</arg>
<arg>${value}</arg>
<doc>Adds the given ``key_value_pairs`` and/or ``items`` to the ``dictionary``.</doc>
<status status="PASS" start="2024-03-07T11:28:52.110803" elapsed="0.000000"/>
</kw>
<arg>${timestamp_package}</arg>
<arg>${packages_dict}</arg>
<status status="PASS" start="2024-03-07T11:28:52.107818" elapsed="0.003985"/>
</kw>
<var name="${line}">03-14 17:56:40.793  5230  5681 I ActivityTaskManager: START u0 {act=android.intent.action.MAIN cat=[android.intent.category.LAUNCHER] flg=0x10200000 cmp=com.spotify.music/.MainActivity bnds=[26,823][1...</var>
<status status="PASS" start="2024-03-07T11:28:52.107818" elapsed="0.003985"/>
</iter>
<iter>
<kw name="Get Regexp Matches" owner="String">
<msg time="2024-03-07T11:28:52.111803" level="INFO">${timestamp_package} = ['03-14 17:56:49.245', 'com.android.vending']</msg>
<var>${timestamp_package}</var>
<arg>${line}</arg>
<arg>${REGEX_TIMESTAMP_PACKAGE}</arg>
<doc>Returns a list of all non-overlapping matches in the given string.</doc>
<status status="PASS" start="2024-03-07T11:28:52.111803" elapsed="0.000000"/>
</kw>
<kw name="Append to Dictionary">
<kw name="Set Variable" owner="BuiltIn">
<msg time="2024-03-07T11:28:52.112772" level="INFO">${timestamp} = 03-14 17:56:49.245</msg>
<var>${timestamp}</var>
<arg>${timestamp_package}[0]</arg>
<doc>Returns the given values which can then be assigned to a variables.</doc>
<status status="PASS" start="2024-03-07T11:28:52.112772" elapsed="0.000000"/>
</kw>
<kw name="Set Variable" owner="BuiltIn">
<msg time="2024-03-07T11:28:52.113795" level="INFO">${package} = com.android.vending</msg>
<var>${package}</var>
<arg>${timestamp_package}[1]</arg>
<doc>Returns the given values which can then be assigned to a variables.</doc>
<status status="PASS" start="2024-03-07T11:28:52.112772" elapsed="0.001023"/>
</kw>
<kw name="Get From Dictionary" owner="Collections">
<msg time="2024-03-07T11:28:52.113795" level="INFO">${value} = ['03-14 17:56:33.783', '0', '0']</msg>
<var>${value}</var>
<arg>${dictionary}</arg>
<arg>${package}</arg>
<arg>${EMPTY_LIST}</arg>
<doc>Returns a value from the given ``dictionary`` based on the given ``key``.</doc>
<status status="PASS" start="2024-03-07T11:28:52.113795" elapsed="0.000000"/>
</kw>
<kw name="Get Length" owner="BuiltIn">
<msg time="2024-03-07T11:28:52.113795" level="INFO">Length is 3.</msg>
<msg time="2024-03-07T11:28:52.113795" level="INFO">${length} = 3</msg>
<var>${length}</var>
<arg>${value}</arg>
<doc>Returns and logs the length of the given item as an integer.</doc>
<status status="PASS" start="2024-03-07T11:28:52.113795" elapsed="0.000000"/>
</kw>
<if>
<branch type="IF" condition="${length} == 0">
<kw name="Create List" owner="BuiltIn">
<var>${value}</var>
<arg>${timestamp}</arg>
<arg>0</arg>
<arg>0</arg>
<doc>Returns a list containing given items.</doc>
<status status="NOT RUN" start="2024-03-07T11:28:52.114812" elapsed="0.000000"/>
</kw>
<status status="NOT RUN" start="2024-03-07T11:28:52.113795" elapsed="0.001017"/>
</branch>
<branch type="ELSE">
<kw name="Set List Value" owner="Collections">
<arg>${value}</arg>
<arg>1</arg>
<arg>${timestamp}</arg>
<doc>Sets the value of ``list`` specified by ``index`` to the given ``value``.</doc>
<status status="PASS" start="2024-03-07T11:28:52.114812" elapsed="0.000000"/>
</kw>
<status status="PASS" start="2024-03-07T11:28:52.114812" elapsed="0.000000"/>
</branch>
<status status="PASS" start="2024-03-07T11:28:52.113795" elapsed="0.001017"/>
</if>
<kw name="Convert To String" owner="BuiltIn">
<msg time="2024-03-07T11:28:52.114812" level="INFO">${is_ended} = 03-14 17:56:49.245</msg>
<var>${is_ended}</var>
<arg>${value}[1]</arg>
<doc>Converts the given item to a Unicode string.</doc>
<status status="PASS" start="2024-03-07T11:28:52.114812" elapsed="0.000000"/>
</kw>
<if>
<branch type="IF" condition="$is_ended != '0'">
<kw name="Catenate" owner="BuiltIn">
<msg time="2024-03-07T11:28:52.115720" level="INFO">${start_datetime} = 2023-03-14 17:56:33.783</msg>
<var>${start_datetime}</var>
<arg>SEPARATOR=-</arg>
<arg>2023</arg>
<arg>${value}[0]</arg>
<doc>Catenates the given items together and returns the resulted string.</doc>
<status status="PASS" start="2024-03-07T11:28:52.115720" elapsed="0.000000"/>
</kw>
<kw name="Catenate" owner="BuiltIn">
<msg time="2024-03-07T11:28:52.115720" level="INFO">${end_datetime} = 2023-03-14 17:56:49.245</msg>
<var>${end_datetime}</var>
<arg>SEPARATOR=-</arg>
<arg>2023</arg>
<arg>${value}[1]</arg>
<doc>Catenates the given items together and returns the resulted string.</doc>
<status status="PASS" start="2024-03-07T11:28:52.115720" elapsed="0.000000"/>
</kw>
<kw name="Convert Date" owner="DateTime">
<msg time="2024-03-07T11:28:52.115720" level="INFO">${start_datetime} = 2023-03-14 17:56:33.783000</msg>
<var>${start_datetime}</var>
<arg>${start_datetime}</arg>
<arg>result_format=%Y-%m-%d %H:%M:%S.%f</arg>
<doc>Converts between supported `date formats`.</doc>
<status status="PASS" start="2024-03-07T11:28:52.115720" elapsed="0.000000"/>
</kw>
<kw name="Convert Date" owner="DateTime">
<msg time="2024-03-07T11:28:52.115720" level="INFO">${end_datetime} = 2023-03-14 17:56:49.245000</msg>
<var>${end_datetime}</var>
<arg>${end_datetime}</arg>
<arg>result_format=%Y-%m-%d %H:%M:%S.%f</arg>
<doc>Converts between supported `date formats`.</doc>
<status status="PASS" start="2024-03-07T11:28:52.115720" elapsed="0.000000"/>
</kw>
<kw name="Subtract Date From Date" owner="DateTime">
<msg time="2024-03-07T11:28:52.116797" level="INFO">${time_diff} = 15.462</msg>
<var>${time_diff}</var>
<arg>${end_datetime}</arg>
<arg>${start_datetime}</arg>
<doc>Subtracts date from another date and returns time between.</doc>
<status status="PASS" start="2024-03-07T11:28:52.115720" elapsed="0.001077"/>
</kw>
<kw name="Set List Value" owner="Collections">
<arg>${value}</arg>
<arg>2</arg>
<arg>${time_diff}</arg>
<doc>Sets the value of ``list`` specified by ``index`` to the given ``value``.</doc>
<status status="PASS" start="2024-03-07T11:28:52.116797" elapsed="0.000000"/>
</kw>
<status status="PASS" start="2024-03-07T11:28:52.114812" elapsed="0.001985"/>
</branch>
<status status="PASS" start="2024-03-07T11:28:52.114812" elapsed="0.001985"/>
</if>
<kw name="Set To Dictionary" owner="Collections">
<arg>${dictionary}</arg>
<arg>${package}</arg>
<arg>${value}</arg>
<doc>Adds the given ``key_value_pairs`` and/or ``items`` to the ``dictionary``.</doc>
<status status="PASS" start="2024-03-07T11:28:52.116797" elapsed="0.000000"/>
</kw>
<arg>${timestamp_package}</arg>
<arg>${packages_dict}</arg>
<status status="PASS" start="2024-03-07T11:28:52.112772" elapsed="0.004025"/>
</kw>
<var name="${line}">03-14 17:56:49.245  5230  5252 I Layer: Destroyed ActivityRecord{d2590bc u0 com.android.vending}</var>
<status status="PASS" start="2024-03-07T11:28:52.111803" elapsed="0.004994"/>
</iter>
<iter>
<kw name="Get Regexp Matches" owner="String">
<msg time="2024-03-07T11:28:52.116797" level="INFO">${timestamp_package} = ['03-14 17:56:58.802', 'com.spotify.music']</msg>
<var>${timestamp_package}</var>
<arg>${line}</arg>
<arg>${REGEX_TIMESTAMP_PACKAGE}</arg>
<doc>Returns a list of all non-overlapping matches in the given string.</doc>
<status status="PASS" start="2024-03-07T11:28:52.116797" elapsed="0.000985"/>
</kw>
<kw name="Append to Dictionary">
<kw name="Set Variable" owner="BuiltIn">
<msg time="2024-03-07T11:28:52.117782" level="INFO">${timestamp} = 03-14 17:56:58.802</msg>
<var>${timestamp}</var>
<arg>${timestamp_package}[0]</arg>
<doc>Returns the given values which can then be assigned to a variables.</doc>
<status status="PASS" start="2024-03-07T11:28:52.117782" elapsed="0.000000"/>
</kw>
<kw name="Set Variable" owner="BuiltIn">
<msg time="2024-03-07T11:28:52.117782" level="INFO">${package} = com.spotify.music</msg>
<var>${package}</var>
<arg>${timestamp_package}[1]</arg>
<doc>Returns the given values which can then be assigned to a variables.</doc>
<status status="PASS" start="2024-03-07T11:28:52.117782" elapsed="0.000000"/>
</kw>
<kw name="Get From Dictionary" owner="Collections">
<msg time="2024-03-07T11:28:52.118737" level="INFO">${value} = ['03-14 17:56:40.793', '0', '0']</msg>
<var>${value}</var>
<arg>${dictionary}</arg>
<arg>${package}</arg>
<arg>${EMPTY_LIST}</arg>
<doc>Returns a value from the given ``dictionary`` based on the given ``key``.</doc>
<status status="PASS" start="2024-03-07T11:28:52.117782" elapsed="0.000955"/>
</kw>
<kw name="Get Length" owner="BuiltIn">
<msg time="2024-03-07T11:28:52.118737" level="INFO">Length is 3.</msg>
<msg time="2024-03-07T11:28:52.118737" level="INFO">${length} = 3</msg>
<var>${length}</var>
<arg>${value}</arg>
<doc>Returns and logs the length of the given item as an integer.</doc>
<status status="PASS" start="2024-03-07T11:28:52.118737" elapsed="0.000000"/>
</kw>
<if>
<branch type="IF" condition="${length} == 0">
<kw name="Create List" owner="BuiltIn">
<var>${value}</var>
<arg>${timestamp}</arg>
<arg>0</arg>
<arg>0</arg>
<doc>Returns a list containing given items.</doc>
<status status="NOT RUN" start="2024-03-07T11:28:52.118737" elapsed="0.000000"/>
</kw>
<status status="NOT RUN" start="2024-03-07T11:28:52.118737" elapsed="0.000000"/>
</branch>
<branch type="ELSE">
<kw name="Set List Value" owner="Collections">
<arg>${value}</arg>
<arg>1</arg>
<arg>${timestamp}</arg>
<doc>Sets the value of ``list`` specified by ``index`` to the given ``value``.</doc>
<status status="PASS" start="2024-03-07T11:28:52.118737" elapsed="0.000000"/>
</kw>
<status status="PASS" start="2024-03-07T11:28:52.118737" elapsed="0.001039"/>
</branch>
<status status="PASS" start="2024-03-07T11:28:52.118737" elapsed="0.001039"/>
</if>
<kw name="Convert To String" owner="BuiltIn">
<msg time="2024-03-07T11:28:52.119776" level="INFO">${is_ended} = 03-14 17:56:58.802</msg>
<var>${is_ended}</var>
<arg>${value}[1]</arg>
<doc>Converts the given item to a Unicode string.</doc>
<status status="PASS" start="2024-03-07T11:28:52.119776" elapsed="0.000000"/>
</kw>
<if>
<branch type="IF" condition="$is_ended != '0'">
<kw name="Catenate" owner="BuiltIn">
<msg time="2024-03-07T11:28:52.119776" level="INFO">${start_datetime} = 2023-03-14 17:56:40.793</msg>
<var>${start_datetime}</var>
<arg>SEPARATOR=-</arg>
<arg>2023</arg>
<arg>${value}[0]</arg>
<doc>Catenates the given items together and returns the resulted string.</doc>
<status status="PASS" start="2024-03-07T11:28:52.119776" elapsed="0.000000"/>
</kw>
<kw name="Catenate" owner="BuiltIn">
<msg time="2024-03-07T11:28:52.119776" level="INFO">${end_datetime} = 2023-03-14 17:56:58.802</msg>
<var>${end_datetime}</var>
<arg>SEPARATOR=-</arg>
<arg>2023</arg>
<arg>${value}[1]</arg>
<doc>Catenates the given items together and returns the resulted string.</doc>
<status status="PASS" start="2024-03-07T11:28:52.119776" elapsed="0.000000"/>
</kw>
<kw name="Convert Date" owner="DateTime">
<msg time="2024-03-07T11:28:52.120770" level="INFO">${start_datetime} = 2023-03-14 17:56:40.793000</msg>
<var>${start_datetime}</var>
<arg>${start_datetime}</arg>
<arg>result_format=%Y-%m-%d %H:%M:%S.%f</arg>
<doc>Converts between supported `date formats`.</doc>
<status status="PASS" start="2024-03-07T11:28:52.119776" elapsed="0.000994"/>
</kw>
<kw name="Convert Date" owner="DateTime">
<msg time="2024-03-07T11:28:52.120770" level="INFO">${end_datetime} = 2023-03-14 17:56:58.802000</msg>
<var>${end_datetime}</var>
<arg>${end_datetime}</arg>
<arg>result_format=%Y-%m-%d %H:%M:%S.%f</arg>
<doc>Converts between supported `date formats`.</doc>
<status status="PASS" start="2024-03-07T11:28:52.120770" elapsed="0.000000"/>
</kw>
<kw name="Subtract Date From Date" owner="DateTime">
<msg time="2024-03-07T11:28:52.120770" level="INFO">${time_diff} = 18.009</msg>
<var>${time_diff}</var>
<arg>${end_datetime}</arg>
<arg>${start_datetime}</arg>
<doc>Subtracts date from another date and returns time between.</doc>
<status status="PASS" start="2024-03-07T11:28:52.120770" elapsed="0.000000"/>
</kw>
<kw name="Set List Value" owner="Collections">
<arg>${value}</arg>
<arg>2</arg>
<arg>${time_diff}</arg>
<doc>Sets the value of ``list`` specified by ``index`` to the given ``value``.</doc>
<status status="PASS" start="2024-03-07T11:28:52.120770" elapsed="0.000000"/>
</kw>
<status status="PASS" start="2024-03-07T11:28:52.119776" elapsed="0.000994"/>
</branch>
<status status="PASS" start="2024-03-07T11:28:52.119776" elapsed="0.000994"/>
</if>
<kw name="Set To Dictionary" owner="Collections">
<arg>${dictionary}</arg>
<arg>${package}</arg>
<arg>${value}</arg>
<doc>Adds the given ``key_value_pairs`` and/or ``items`` to the ``dictionary``.</doc>
<status status="PASS" start="2024-03-07T11:28:52.120770" elapsed="0.001003"/>
</kw>
<arg>${timestamp_package}</arg>
<arg>${packages_dict}</arg>
<status status="PASS" start="2024-03-07T11:28:52.117782" elapsed="0.003991"/>
</kw>
<var name="${line}">03-14 17:56:58.802  5230  5252 I Layer: Destroyed ActivityRecord{d2590bc u0 com.spotify.music}</var>
<status status="PASS" start="2024-03-07T11:28:52.116797" elapsed="0.004976"/>
</iter>
<iter>
<kw name="Get Regexp Matches" owner="String">
<msg time="2024-03-07T11:28:52.121773" level="INFO">${timestamp_package} = ['03-14 17:56:59.524', 'com.sec.android.app.popupcalculator']</msg>
<var>${timestamp_package}</var>
<arg>${line}</arg>
<arg>${REGEX_TIMESTAMP_PACKAGE}</arg>
<doc>Returns a list of all non-overlapping matches in the given string.</doc>
<status status="PASS" start="2024-03-07T11:28:52.121773" elapsed="0.000000"/>
</kw>
<kw name="Append to Dictionary">
<kw name="Set Variable" owner="BuiltIn">
<msg time="2024-03-07T11:28:52.122734" level="INFO">${timestamp} = 03-14 17:56:59.524</msg>
<var>${timestamp}</var>
<arg>${timestamp_package}[0]</arg>
<doc>Returns the given values which can then be assigned to a variables.</doc>
<status status="PASS" start="2024-03-07T11:28:52.121773" elapsed="0.000961"/>
</kw>
<kw name="Set Variable" owner="BuiltIn">
<msg time="2024-03-07T11:28:52.122734" level="INFO">${package} = com.sec.android.app.popupcalculator</msg>
<var>${package}</var>
<arg>${timestamp_package}[1]</arg>
<doc>Returns the given values which can then be assigned to a variables.</doc>
<status status="PASS" start="2024-03-07T11:28:52.122734" elapsed="0.000000"/>
</kw>
<kw name="Get From Dictionary" owner="Collections">
<msg time="2024-03-07T11:28:52.122734" level="INFO">${value} = </msg>
<var>${value}</var>
<arg>${dictionary}</arg>
<arg>${package}</arg>
<arg>${EMPTY_LIST}</arg>
<doc>Returns a value from the given ``dictionary`` based on the given ``key``.</doc>
<status status="PASS" start="2024-03-07T11:28:52.122734" elapsed="0.000000"/>
</kw>
<kw name="Get Length" owner="BuiltIn">
<msg time="2024-03-07T11:28:52.122734" level="INFO">Length is 0.</msg>
<msg time="2024-03-07T11:28:52.122734" level="INFO">${length} = 0</msg>
<var>${length}</var>
<arg>${value}</arg>
<doc>Returns and logs the length of the given item as an integer.</doc>
<status status="PASS" start="2024-03-07T11:28:52.122734" elapsed="0.000000"/>
</kw>
<if>
<branch type="IF" condition="${length} == 0">
<kw name="Create List" owner="BuiltIn">
<msg time="2024-03-07T11:28:52.122734" level="INFO">${value} = ['03-14 17:56:59.524', '0', '0']</msg>
<var>${value}</var>
<arg>${timestamp}</arg>
<arg>0</arg>
<arg>0</arg>
<doc>Returns a list containing given items.</doc>
<status status="PASS" start="2024-03-07T11:28:52.122734" elapsed="0.001039"/>
</kw>
<status status="PASS" start="2024-03-07T11:28:52.122734" elapsed="0.001039"/>
</branch>
<branch type="ELSE">
<kw name="Set List Value" owner="Collections">
<arg>${value}</arg>
<arg>1</arg>
<arg>${timestamp}</arg>
<doc>Sets the value of ``list`` specified by ``index`` to the given ``value``.</doc>
<status status="NOT RUN" start="2024-03-07T11:28:52.123773" elapsed="0.000000"/>
</kw>
<status status="NOT RUN" start="2024-03-07T11:28:52.123773" elapsed="0.000000"/>
</branch>
<status status="PASS" start="2024-03-07T11:28:52.122734" elapsed="0.001039"/>
</if>
<kw name="Convert To String" owner="BuiltIn">
<msg time="2024-03-07T11:28:52.123773" level="INFO">${is_ended} = 0</msg>
<var>${is_ended}</var>
<arg>${value}[1]</arg>
<doc>Converts the given item to a Unicode string.</doc>
<status status="PASS" start="2024-03-07T11:28:52.123773" elapsed="0.000000"/>
</kw>
<if>
<branch type="IF" condition="$is_ended != '0'">
<kw name="Catenate" owner="BuiltIn">
<var>${start_datetime}</var>
<arg>SEPARATOR=-</arg>
<arg>2023</arg>
<arg>${value}[0]</arg>
<doc>Catenates the given items together and returns the resulted string.</doc>
<status status="NOT RUN" start="2024-03-07T11:28:52.123773" elapsed="0.000000"/>
</kw>
<kw name="Catenate" owner="BuiltIn">
<var>${end_datetime}</var>
<arg>SEPARATOR=-</arg>
<arg>2023</arg>
<arg>${value}[1]</arg>
<doc>Catenates the given items together and returns the resulted string.</doc>
<status status="NOT RUN" start="2024-03-07T11:28:52.123773" elapsed="0.000000"/>
</kw>
<kw name="Convert Date" owner="DateTime">
<var>${start_datetime}</var>
<arg>${start_datetime}</arg>
<arg>result_format=%Y-%m-%d %H:%M:%S.%f</arg>
<doc>Converts between supported `date formats`.</doc>
<status status="NOT RUN" start="2024-03-07T11:28:52.123773" elapsed="0.000000"/>
</kw>
<kw name="Convert Date" owner="DateTime">
<var>${end_datetime}</var>
<arg>${end_datetime}</arg>
<arg>result_format=%Y-%m-%d %H:%M:%S.%f</arg>
<doc>Converts between supported `date formats`.</doc>
<status status="NOT RUN" start="2024-03-07T11:28:52.123773" elapsed="0.000000"/>
</kw>
<kw name="Subtract Date From Date" owner="DateTime">
<var>${time_diff}</var>
<arg>${end_datetime}</arg>
<arg>${start_datetime}</arg>
<doc>Subtracts date from another date and returns time between.</doc>
<status status="NOT RUN" start="2024-03-07T11:28:52.124759" elapsed="0.000000"/>
</kw>
<kw name="Set List Value" owner="Collections">
<arg>${value}</arg>
<arg>2</arg>
<arg>${time_diff}</arg>
<doc>Sets the value of ``list`` specified by ``index`` to the given ``value``.</doc>
<status status="NOT RUN" start="2024-03-07T11:28:52.124759" elapsed="0.000000"/>
</kw>
<status status="NOT RUN" start="2024-03-07T11:28:52.123773" elapsed="0.000986"/>
</branch>
<status status="PASS" start="2024-03-07T11:28:52.123773" elapsed="0.000986"/>
</if>
<kw name="Set To Dictionary" owner="Collections">
<arg>${dictionary}</arg>
<arg>${package}</arg>
<arg>${value}</arg>
<doc>Adds the given ``key_value_pairs`` and/or ``items`` to the ``dictionary``.</doc>
<status status="PASS" start="2024-03-07T11:28:52.124759" elapsed="0.000000"/>
</kw>
<arg>${timestamp_package}</arg>
<arg>${packages_dict}</arg>
<status status="PASS" start="2024-03-07T11:28:52.121773" elapsed="0.002986"/>
</kw>
<var name="${line}">03-14 17:56:59.524  5230 10365 I ActivityTaskManager: START u0 {act=android.intent.action.MAIN cat=[android.intent.category.LAUNCHER] flg=0x10200000 cmp=com.sec.android.app.popupcalculator/.Calculator...</var>
<status status="PASS" start="2024-03-07T11:28:52.121773" elapsed="0.002986"/>
</iter>
<iter>
<kw name="Get Regexp Matches" owner="String">
<msg time="2024-03-07T11:28:52.124759" level="INFO">${timestamp_package} = ['03-14 17:57:00.006', 'com.netflix.mediaclient']</msg>
<var>${timestamp_package}</var>
<arg>${line}</arg>
<arg>${REGEX_TIMESTAMP_PACKAGE}</arg>
<doc>Returns a list of all non-overlapping matches in the given string.</doc>
<status status="PASS" start="2024-03-07T11:28:52.124759" elapsed="0.000000"/>
</kw>
<kw name="Append to Dictionary">
<kw name="Set Variable" owner="BuiltIn">
<msg time="2024-03-07T11:28:52.125756" level="INFO">${timestamp} = 03-14 17:57:00.006</msg>
<var>${timestamp}</var>
<arg>${timestamp_package}[0]</arg>
<doc>Returns the given values which can then be assigned to a variables.</doc>
<status status="PASS" start="2024-03-07T11:28:52.125756" elapsed="0.000000"/>
</kw>
<kw name="Set Variable" owner="BuiltIn">
<msg time="2024-03-07T11:28:52.125756" level="INFO">${package} = com.netflix.mediaclient</msg>
<var>${package}</var>
<arg>${timestamp_package}[1]</arg>
<doc>Returns the given values which can then be assigned to a variables.</doc>
<status status="PASS" start="2024-03-07T11:28:52.125756" elapsed="0.000000"/>
</kw>
<kw name="Get From Dictionary" owner="Collections">
<msg time="2024-03-07T11:28:52.125756" level="INFO">${value} = ['03-14 17:56:29.534', '0', '0']</msg>
<var>${value}</var>
<arg>${dictionary}</arg>
<arg>${package}</arg>
<arg>${EMPTY_LIST}</arg>
<doc>Returns a value from the given ``dictionary`` based on the given ``key``.</doc>
<status status="PASS" start="2024-03-07T11:28:52.125756" elapsed="0.000000"/>
</kw>
<kw name="Get Length" owner="BuiltIn">
<msg time="2024-03-07T11:28:52.125756" level="INFO">Length is 3.</msg>
<msg time="2024-03-07T11:28:52.125756" level="INFO">${length} = 3</msg>
<var>${length}</var>
<arg>${value}</arg>
<doc>Returns and logs the length of the given item as an integer.</doc>
<status status="PASS" start="2024-03-07T11:28:52.125756" elapsed="0.000000"/>
</kw>
<if>
<branch type="IF" condition="${length} == 0">
<kw name="Create List" owner="BuiltIn">
<var>${value}</var>
<arg>${timestamp}</arg>
<arg>0</arg>
<arg>0</arg>
<doc>Returns a list containing given items.</doc>
<status status="NOT RUN" start="2024-03-07T11:28:52.126749" elapsed="0.000000"/>
</kw>
<status status="NOT RUN" start="2024-03-07T11:28:52.126749" elapsed="0.000000"/>
</branch>
<branch type="ELSE">
<kw name="Set List Value" owner="Collections">
<arg>${value}</arg>
<arg>1</arg>
<arg>${timestamp}</arg>
<doc>Sets the value of ``list`` specified by ``index`` to the given ``value``.</doc>
<status status="PASS" start="2024-03-07T11:28:52.126749" elapsed="0.000000"/>
</kw>
<status status="PASS" start="2024-03-07T11:28:52.126749" elapsed="0.000000"/>
</branch>
<status status="PASS" start="2024-03-07T11:28:52.126749" elapsed="0.000000"/>
</if>
<kw name="Convert To String" owner="BuiltIn">
<msg time="2024-03-07T11:28:52.126749" level="INFO">${is_ended} = 03-14 17:57:00.006</msg>
<var>${is_ended}</var>
<arg>${value}[1]</arg>
<doc>Converts the given item to a Unicode string.</doc>
<status status="PASS" start="2024-03-07T11:28:52.126749" elapsed="0.000000"/>
</kw>
<if>
<branch type="IF" condition="$is_ended != '0'">
<kw name="Catenate" owner="BuiltIn">
<msg time="2024-03-07T11:28:52.126749" level="INFO">${start_datetime} = 2023-03-14 17:56:29.534</msg>
<var>${start_datetime}</var>
<arg>SEPARATOR=-</arg>
<arg>2023</arg>
<arg>${value}[0]</arg>
<doc>Catenates the given items together and returns the resulted string.</doc>
<status status="PASS" start="2024-03-07T11:28:52.126749" elapsed="0.000000"/>
</kw>
<kw name="Catenate" owner="BuiltIn">
<msg time="2024-03-07T11:28:52.127749" level="INFO">${end_datetime} = 2023-03-14 17:57:00.006</msg>
<var>${end_datetime}</var>
<arg>SEPARATOR=-</arg>
<arg>2023</arg>
<arg>${value}[1]</arg>
<doc>Catenates the given items together and returns the resulted string.</doc>
<status status="PASS" start="2024-03-07T11:28:52.126749" elapsed="0.001000"/>
</kw>
<kw name="Convert Date" owner="DateTime">
<msg time="2024-03-07T11:28:52.127749" level="INFO">${start_datetime} = 2023-03-14 17:56:29.534000</msg>
<var>${start_datetime}</var>
<arg>${start_datetime}</arg>
<arg>result_format=%Y-%m-%d %H:%M:%S.%f</arg>
<doc>Converts between supported `date formats`.</doc>
<status status="PASS" start="2024-03-07T11:28:52.127749" elapsed="0.000000"/>
</kw>
<kw name="Convert Date" owner="DateTime">
<msg time="2024-03-07T11:28:52.127749" level="INFO">${end_datetime} = 2023-03-14 17:57:00.006000</msg>
<var>${end_datetime}</var>
<arg>${end_datetime}</arg>
<arg>result_format=%Y-%m-%d %H:%M:%S.%f</arg>
<doc>Converts between supported `date formats`.</doc>
<status status="PASS" start="2024-03-07T11:28:52.127749" elapsed="0.000000"/>
</kw>
<kw name="Subtract Date From Date" owner="DateTime">
<msg time="2024-03-07T11:28:52.127749" level="INFO">${time_diff} = 30.472</msg>
<var>${time_diff}</var>
<arg>${end_datetime}</arg>
<arg>${start_datetime}</arg>
<doc>Subtracts date from another date and returns time between.</doc>
<status status="PASS" start="2024-03-07T11:28:52.127749" elapsed="0.000000"/>
</kw>
<kw name="Set List Value" owner="Collections">
<arg>${value}</arg>
<arg>2</arg>
<arg>${time_diff}</arg>
<doc>Sets the value of ``list`` specified by ``index`` to the given ``value``.</doc>
<status status="PASS" start="2024-03-07T11:28:52.128746" elapsed="0.000000"/>
</kw>
<status status="PASS" start="2024-03-07T11:28:52.126749" elapsed="0.001997"/>
</branch>
<status status="PASS" start="2024-03-07T11:28:52.126749" elapsed="0.001997"/>
</if>
<kw name="Set To Dictionary" owner="Collections">
<arg>${dictionary}</arg>
<arg>${package}</arg>
<arg>${value}</arg>
<doc>Adds the given ``key_value_pairs`` and/or ``items`` to the ``dictionary``.</doc>
<status status="PASS" start="2024-03-07T11:28:52.128746" elapsed="0.000000"/>
</kw>
<arg>${timestamp_package}</arg>
<arg>${packages_dict}</arg>
<status status="PASS" start="2024-03-07T11:28:52.124759" elapsed="0.003987"/>
</kw>
<var name="${line}">03-14 17:57:00.006  5230  5252 I Layer: Destroyed ActivityRecord{d2590bc u0 com.netflix.mediaclient}</var>
<status status="PASS" start="2024-03-07T11:28:52.124759" elapsed="0.003987"/>
</iter>
<iter>
<kw name="Get Regexp Matches" owner="String">
<msg time="2024-03-07T11:28:52.128746" level="INFO">${timestamp_package} = ['03-14 17:57:16.608', 'com.sec.android.app.clockpackage']</msg>
<var>${timestamp_package}</var>
<arg>${line}</arg>
<arg>${REGEX_TIMESTAMP_PACKAGE}</arg>
<doc>Returns a list of all non-overlapping matches in the given string.</doc>
<status status="PASS" start="2024-03-07T11:28:52.128746" elapsed="0.000000"/>
</kw>
<kw name="Append to Dictionary">
<kw name="Set Variable" owner="BuiltIn">
<msg time="2024-03-07T11:28:52.129741" level="INFO">${timestamp} = 03-14 17:57:16.608</msg>
<var>${timestamp}</var>
<arg>${timestamp_package}[0]</arg>
<doc>Returns the given values which can then be assigned to a variables.</doc>
<status status="PASS" start="2024-03-07T11:28:52.129741" elapsed="0.000000"/>
</kw>
<kw name="Set Variable" owner="BuiltIn">
<msg time="2024-03-07T11:28:52.129741" level="INFO">${package} = com.sec.android.app.clockpackage</msg>
<var>${package}</var>
<arg>${timestamp_package}[1]</arg>
<doc>Returns the given values which can then be assigned to a variables.</doc>
<status status="PASS" start="2024-03-07T11:28:52.129741" elapsed="0.000000"/>
</kw>
<kw name="Get From Dictionary" owner="Collections">
<msg time="2024-03-07T11:28:52.129741" level="INFO">${value} = </msg>
<var>${value}</var>
<arg>${dictionary}</arg>
<arg>${package}</arg>
<arg>${EMPTY_LIST}</arg>
<doc>Returns a value from the given ``dictionary`` based on the given ``key``.</doc>
<status status="PASS" start="2024-03-07T11:28:52.129741" elapsed="0.000000"/>
</kw>
<kw name="Get Length" owner="BuiltIn">
<msg time="2024-03-07T11:28:52.129741" level="INFO">Length is 0.</msg>
<msg time="2024-03-07T11:28:52.129741" level="INFO">${length} = 0</msg>
<var>${length}</var>
<arg>${value}</arg>
<doc>Returns and logs the length of the given item as an integer.</doc>
<status status="PASS" start="2024-03-07T11:28:52.129741" elapsed="0.001009"/>
</kw>
<if>
<branch type="IF" condition="${length} == 0">
<kw name="Create List" owner="BuiltIn">
<msg time="2024-03-07T11:28:52.130750" level="INFO">${value} = ['03-14 17:57:16.608', '0', '0']</msg>
<var>${value}</var>
<arg>${timestamp}</arg>
<arg>0</arg>
<arg>0</arg>
<doc>Returns a list containing given items.</doc>
<status status="PASS" start="2024-03-07T11:28:52.130750" elapsed="0.000000"/>
</kw>
<status status="PASS" start="2024-03-07T11:28:52.130750" elapsed="0.000000"/>
</branch>
<branch type="ELSE">
<kw name="Set List Value" owner="Collections">
<arg>${value}</arg>
<arg>1</arg>
<arg>${timestamp}</arg>
<doc>Sets the value of ``list`` specified by ``index`` to the given ``value``.</doc>
<status status="NOT RUN" start="2024-03-07T11:28:52.130750" elapsed="0.000000"/>
</kw>
<status status="NOT RUN" start="2024-03-07T11:28:52.130750" elapsed="0.000000"/>
</branch>
<status status="PASS" start="2024-03-07T11:28:52.130750" elapsed="0.000000"/>
</if>
<kw name="Convert To String" owner="BuiltIn">
<msg time="2024-03-07T11:28:52.130750" level="INFO">${is_ended} = 0</msg>
<var>${is_ended}</var>
<arg>${value}[1]</arg>
<doc>Converts the given item to a Unicode string.</doc>
<status status="PASS" start="2024-03-07T11:28:52.130750" elapsed="0.000000"/>
</kw>
<if>
<branch type="IF" condition="$is_ended != '0'">
<kw name="Catenate" owner="BuiltIn">
<var>${start_datetime}</var>
<arg>SEPARATOR=-</arg>
<arg>2023</arg>
<arg>${value}[0]</arg>
<doc>Catenates the given items together and returns the resulted string.</doc>
<status status="NOT RUN" start="2024-03-07T11:28:52.130750" elapsed="0.000000"/>
</kw>
<kw name="Catenate" owner="BuiltIn">
<var>${end_datetime}</var>
<arg>SEPARATOR=-</arg>
<arg>2023</arg>
<arg>${value}[1]</arg>
<doc>Catenates the given items together and returns the resulted string.</doc>
<status status="NOT RUN" start="2024-03-07T11:28:52.130750" elapsed="0.000000"/>
</kw>
<kw name="Convert Date" owner="DateTime">
<var>${start_datetime}</var>
<arg>${start_datetime}</arg>
<arg>result_format=%Y-%m-%d %H:%M:%S.%f</arg>
<doc>Converts between supported `date formats`.</doc>
<status status="NOT RUN" start="2024-03-07T11:28:52.130750" elapsed="0.000000"/>
</kw>
<kw name="Convert Date" owner="DateTime">
<var>${end_datetime}</var>
<arg>${end_datetime}</arg>
<arg>result_format=%Y-%m-%d %H:%M:%S.%f</arg>
<doc>Converts between supported `date formats`.</doc>
<status status="NOT RUN" start="2024-03-07T11:28:52.131732" elapsed="0.000000"/>
</kw>
<kw name="Subtract Date From Date" owner="DateTime">
<var>${time_diff}</var>
<arg>${end_datetime}</arg>
<arg>${start_datetime}</arg>
<doc>Subtracts date from another date and returns time between.</doc>
<status status="NOT RUN" start="2024-03-07T11:28:52.131732" elapsed="0.000000"/>
</kw>
<kw name="Set List Value" owner="Collections">
<arg>${value}</arg>
<arg>2</arg>
<arg>${time_diff}</arg>
<doc>Sets the value of ``list`` specified by ``index`` to the given ``value``.</doc>
<status status="NOT RUN" start="2024-03-07T11:28:52.131732" elapsed="0.000000"/>
</kw>
<status status="NOT RUN" start="2024-03-07T11:28:52.130750" elapsed="0.000982"/>
</branch>
<status status="PASS" start="2024-03-07T11:28:52.130750" elapsed="0.000982"/>
</if>
<kw name="Set To Dictionary" owner="Collections">
<arg>${dictionary}</arg>
<arg>${package}</arg>
<arg>${value}</arg>
<doc>Adds the given ``key_value_pairs`` and/or ``items`` to the ``dictionary``.</doc>
<status status="PASS" start="2024-03-07T11:28:52.131732" elapsed="0.000000"/>
</kw>
<arg>${timestamp_package}</arg>
<arg>${packages_dict}</arg>
<status status="PASS" start="2024-03-07T11:28:52.129741" elapsed="0.001991"/>
</kw>
<var name="${line}">03-14 17:57:16.608  5230  7327 I ActivityTaskManager: START u0 {act=android.intent.action.MAIN cat=[android.intent.category.LAUNCHER] flg=0x10200000 cmp=com.sec.android.app.clockpackage/.ClockPackage ...</var>
<status status="PASS" start="2024-03-07T11:28:52.128746" elapsed="0.002986"/>
</iter>
<iter>
<kw name="Get Regexp Matches" owner="String">
<msg time="2024-03-07T11:28:52.131732" level="INFO">${timestamp_package} = ['03-14 17:57:25.200', 'com.sec.android.app.popupcalculator']</msg>
<var>${timestamp_package}</var>
<arg>${line}</arg>
<arg>${REGEX_TIMESTAMP_PACKAGE}</arg>
<doc>Returns a list of all non-overlapping matches in the given string.</doc>
<status status="PASS" start="2024-03-07T11:28:52.131732" elapsed="0.000000"/>
</kw>
<kw name="Append to Dictionary">
<kw name="Set Variable" owner="BuiltIn">
<msg time="2024-03-07T11:28:52.132711" level="INFO">${timestamp} = 03-14 17:57:25.200</msg>
<var>${timestamp}</var>
<arg>${timestamp_package}[0]</arg>
<doc>Returns the given values which can then be assigned to a variables.</doc>
<status status="PASS" start="2024-03-07T11:28:52.132711" elapsed="0.000000"/>
</kw>
<kw name="Set Variable" owner="BuiltIn">
<msg time="2024-03-07T11:28:52.132711" level="INFO">${package} = com.sec.android.app.popupcalculator</msg>
<var>${package}</var>
<arg>${timestamp_package}[1]</arg>
<doc>Returns the given values which can then be assigned to a variables.</doc>
<status status="PASS" start="2024-03-07T11:28:52.132711" elapsed="0.000000"/>
</kw>
<kw name="Get From Dictionary" owner="Collections">
<msg time="2024-03-07T11:28:52.133674" level="INFO">${value} = ['03-14 17:56:59.524', '0', '0']</msg>
<var>${value}</var>
<arg>${dictionary}</arg>
<arg>${package}</arg>
<arg>${EMPTY_LIST}</arg>
<doc>Returns a value from the given ``dictionary`` based on the given ``key``.</doc>
<status status="PASS" start="2024-03-07T11:28:52.132711" elapsed="0.000963"/>
</kw>
<kw name="Get Length" owner="BuiltIn">
<msg time="2024-03-07T11:28:52.133674" level="INFO">Length is 3.</msg>
<msg time="2024-03-07T11:28:52.133674" level="INFO">${length} = 3</msg>
<var>${length}</var>
<arg>${value}</arg>
<doc>Returns and logs the length of the given item as an integer.</doc>
<status status="PASS" start="2024-03-07T11:28:52.133674" elapsed="0.000000"/>
</kw>
<if>
<branch type="IF" condition="${length} == 0">
<kw name="Create List" owner="BuiltIn">
<var>${value}</var>
<arg>${timestamp}</arg>
<arg>0</arg>
<arg>0</arg>
<doc>Returns a list containing given items.</doc>
<status status="NOT RUN" start="2024-03-07T11:28:52.133674" elapsed="0.000000"/>
</kw>
<status status="NOT RUN" start="2024-03-07T11:28:52.133674" elapsed="0.000000"/>
</branch>
<branch type="ELSE">
<kw name="Set List Value" owner="Collections">
<arg>${value}</arg>
<arg>1</arg>
<arg>${timestamp}</arg>
<doc>Sets the value of ``list`` specified by ``index`` to the given ``value``.</doc>
<status status="PASS" start="2024-03-07T11:28:52.133674" elapsed="0.000000"/>
</kw>
<status status="PASS" start="2024-03-07T11:28:52.133674" elapsed="0.000000"/>
</branch>
<status status="PASS" start="2024-03-07T11:28:52.133674" elapsed="0.000000"/>
</if>
<kw name="Convert To String" owner="BuiltIn">
<msg time="2024-03-07T11:28:52.133674" level="INFO">${is_ended} = 03-14 17:57:25.200</msg>
<var>${is_ended}</var>
<arg>${value}[1]</arg>
<doc>Converts the given item to a Unicode string.</doc>
<status status="PASS" start="2024-03-07T11:28:52.133674" elapsed="0.000000"/>
</kw>
<if>
<branch type="IF" condition="$is_ended != '0'">
<kw name="Catenate" owner="BuiltIn">
<msg time="2024-03-07T11:28:52.134723" level="INFO">${start_datetime} = 2023-03-14 17:56:59.524</msg>
<var>${start_datetime}</var>
<arg>SEPARATOR=-</arg>
<arg>2023</arg>
<arg>${value}[0]</arg>
<doc>Catenates the given items together and returns the resulted string.</doc>
<status status="PASS" start="2024-03-07T11:28:52.134723" elapsed="0.000000"/>
</kw>
<kw name="Catenate" owner="BuiltIn">
<msg time="2024-03-07T11:28:52.134723" level="INFO">${end_datetime} = 2023-03-14 17:57:25.200</msg>
<var>${end_datetime}</var>
<arg>SEPARATOR=-</arg>
<arg>2023</arg>
<arg>${value}[1]</arg>
<doc>Catenates the given items together and returns the resulted string.</doc>
<status status="PASS" start="2024-03-07T11:28:52.134723" elapsed="0.000000"/>
</kw>
<kw name="Convert Date" owner="DateTime">
<msg time="2024-03-07T11:28:52.134723" level="INFO">${start_datetime} = 2023-03-14 17:56:59.524000</msg>
<var>${start_datetime}</var>
<arg>${start_datetime}</arg>
<arg>result_format=%Y-%m-%d %H:%M:%S.%f</arg>
<doc>Converts between supported `date formats`.</doc>
<status status="PASS" start="2024-03-07T11:28:52.134723" elapsed="0.000000"/>
</kw>
<kw name="Convert Date" owner="DateTime">
<msg time="2024-03-07T11:28:52.135723" level="INFO">${end_datetime} = 2023-03-14 17:57:25.200000</msg>
<var>${end_datetime}</var>
<arg>${end_datetime}</arg>
<arg>result_format=%Y-%m-%d %H:%M:%S.%f</arg>
<doc>Converts between supported `date formats`.</doc>
<status status="PASS" start="2024-03-07T11:28:52.134723" elapsed="0.001000"/>
</kw>
<kw name="Subtract Date From Date" owner="DateTime">
<msg time="2024-03-07T11:28:52.135723" level="INFO">${time_diff} = 25.676</msg>
<var>${time_diff}</var>
<arg>${end_datetime}</arg>
<arg>${start_datetime}</arg>
<doc>Subtracts date from another date and returns time between.</doc>
<status status="PASS" start="2024-03-07T11:28:52.135723" elapsed="0.000000"/>
</kw>
<kw name="Set List Value" owner="Collections">
<arg>${value}</arg>
<arg>2</arg>
<arg>${time_diff}</arg>
<doc>Sets the value of ``list`` specified by ``index`` to the given ``value``.</doc>
<status status="PASS" start="2024-03-07T11:28:52.135723" elapsed="0.000000"/>
</kw>
<status status="PASS" start="2024-03-07T11:28:52.134723" elapsed="0.001000"/>
</branch>
<status status="PASS" start="2024-03-07T11:28:52.134723" elapsed="0.001000"/>
</if>
<kw name="Set To Dictionary" owner="Collections">
<arg>${dictionary}</arg>
<arg>${package}</arg>
<arg>${value}</arg>
<doc>Adds the given ``key_value_pairs`` and/or ``items`` to the ``dictionary``.</doc>
<status status="PASS" start="2024-03-07T11:28:52.135723" elapsed="0.000000"/>
</kw>
<arg>${timestamp_package}</arg>
<arg>${packages_dict}</arg>
<status status="PASS" start="2024-03-07T11:28:52.132711" elapsed="0.003012"/>
</kw>
<var name="${line}">03-14 17:57:25.200  5230  5252 I Layer: Destroyed ActivityRecord{d2590bc u0 com.sec.android.app.popupcalculator}</var>
<status status="PASS" start="2024-03-07T11:28:52.131732" elapsed="0.003991"/>
</iter>
<iter>
<kw name="Get Regexp Matches" owner="String">
<msg time="2024-03-07T11:28:52.136725" level="INFO">${timestamp_package} = ['03-14 17:57:59.906', 'com.sec.android.app.clockpackage']</msg>
<var>${timestamp_package}</var>
<arg>${line}</arg>
<arg>${REGEX_TIMESTAMP_PACKAGE}</arg>
<doc>Returns a list of all non-overlapping matches in the given string.</doc>
<status status="PASS" start="2024-03-07T11:28:52.136725" elapsed="0.000000"/>
</kw>
<kw name="Append to Dictionary">
<kw name="Set Variable" owner="BuiltIn">
<msg time="2024-03-07T11:28:52.136725" level="INFO">${timestamp} = 03-14 17:57:59.906</msg>
<var>${timestamp}</var>
<arg>${timestamp_package}[0]</arg>
<doc>Returns the given values which can then be assigned to a variables.</doc>
<status status="PASS" start="2024-03-07T11:28:52.136725" elapsed="0.000000"/>
</kw>
<kw name="Set Variable" owner="BuiltIn">
<msg time="2024-03-07T11:28:52.136725" level="INFO">${package} = com.sec.android.app.clockpackage</msg>
<var>${package}</var>
<arg>${timestamp_package}[1]</arg>
<doc>Returns the given values which can then be assigned to a variables.</doc>
<status status="PASS" start="2024-03-07T11:28:52.136725" elapsed="0.000000"/>
</kw>
<kw name="Get From Dictionary" owner="Collections">
<msg time="2024-03-07T11:28:52.137717" level="INFO">${value} = ['03-14 17:57:16.608', '0', '0']</msg>
<var>${value}</var>
<arg>${dictionary}</arg>
<arg>${package}</arg>
<arg>${EMPTY_LIST}</arg>
<doc>Returns a value from the given ``dictionary`` based on the given ``key``.</doc>
<status status="PASS" start="2024-03-07T11:28:52.136725" elapsed="0.000992"/>
</kw>
<kw name="Get Length" owner="BuiltIn">
<msg time="2024-03-07T11:28:52.137717" level="INFO">Length is 3.</msg>
<msg time="2024-03-07T11:28:52.137717" level="INFO">${length} = 3</msg>
<var>${length}</var>
<arg>${value}</arg>
<doc>Returns and logs the length of the given item as an integer.</doc>
<status status="PASS" start="2024-03-07T11:28:52.137717" elapsed="0.000000"/>
</kw>
<if>
<branch type="IF" condition="${length} == 0">
<kw name="Create List" owner="BuiltIn">
<var>${value}</var>
<arg>${timestamp}</arg>
<arg>0</arg>
<arg>0</arg>
<doc>Returns a list containing given items.</doc>
<status status="NOT RUN" start="2024-03-07T11:28:52.137717" elapsed="0.000000"/>
</kw>
<status status="NOT RUN" start="2024-03-07T11:28:52.137717" elapsed="0.000000"/>
</branch>
<branch type="ELSE">
<kw name="Set List Value" owner="Collections">
<arg>${value}</arg>
<arg>1</arg>
<arg>${timestamp}</arg>
<doc>Sets the value of ``list`` specified by ``index`` to the given ``value``.</doc>
<status status="PASS" start="2024-03-07T11:28:52.137717" elapsed="0.000000"/>
</kw>
<status status="PASS" start="2024-03-07T11:28:52.137717" elapsed="0.000000"/>
</branch>
<status status="PASS" start="2024-03-07T11:28:52.137717" elapsed="0.000000"/>
</if>
<kw name="Convert To String" owner="BuiltIn">
<msg time="2024-03-07T11:28:52.138712" level="INFO">${is_ended} = 03-14 17:57:59.906</msg>
<var>${is_ended}</var>
<arg>${value}[1]</arg>
<doc>Converts the given item to a Unicode string.</doc>
<status status="PASS" start="2024-03-07T11:28:52.137717" elapsed="0.000995"/>
</kw>
<if>
<branch type="IF" condition="$is_ended != '0'">
<kw name="Catenate" owner="BuiltIn">
<msg time="2024-03-07T11:28:52.138712" level="INFO">${start_datetime} = 2023-03-14 17:57:16.608</msg>
<var>${start_datetime}</var>
<arg>SEPARATOR=-</arg>
<arg>2023</arg>
<arg>${value}[0]</arg>
<doc>Catenates the given items together and returns the resulted string.</doc>
<status status="PASS" start="2024-03-07T11:28:52.138712" elapsed="0.000000"/>
</kw>
<kw name="Catenate" owner="BuiltIn">
<msg time="2024-03-07T11:28:52.138712" level="INFO">${end_datetime} = 2023-03-14 17:57:59.906</msg>
<var>${end_datetime}</var>
<arg>SEPARATOR=-</arg>
<arg>2023</arg>
<arg>${value}[1]</arg>
<doc>Catenates the given items together and returns the resulted string.</doc>
<status status="PASS" start="2024-03-07T11:28:52.138712" elapsed="0.000000"/>
</kw>
<kw name="Convert Date" owner="DateTime">
<msg time="2024-03-07T11:28:52.138712" level="INFO">${start_datetime} = 2023-03-14 17:57:16.608000</msg>
<var>${start_datetime}</var>
<arg>${start_datetime}</arg>
<arg>result_format=%Y-%m-%d %H:%M:%S.%f</arg>
<doc>Converts between supported `date formats`.</doc>
<status status="PASS" start="2024-03-07T11:28:52.138712" elapsed="0.000000"/>
</kw>
<kw name="Convert Date" owner="DateTime">
<msg time="2024-03-07T11:28:52.139638" level="INFO">${end_datetime} = 2023-03-14 17:57:59.906000</msg>
<var>${end_datetime}</var>
<arg>${end_datetime}</arg>
<arg>result_format=%Y-%m-%d %H:%M:%S.%f</arg>
<doc>Converts between supported `date formats`.</doc>
<status status="PASS" start="2024-03-07T11:28:52.139638" elapsed="0.000000"/>
</kw>
<kw name="Subtract Date From Date" owner="DateTime">
<msg time="2024-03-07T11:28:52.139638" level="INFO">${time_diff} = 43.298</msg>
<var>${time_diff}</var>
<arg>${end_datetime}</arg>
<arg>${start_datetime}</arg>
<doc>Subtracts date from another date and returns time between.</doc>
<status status="PASS" start="2024-03-07T11:28:52.139638" elapsed="0.000000"/>
</kw>
<kw name="Set List Value" owner="Collections">
<arg>${value}</arg>
<arg>2</arg>
<arg>${time_diff}</arg>
<doc>Sets the value of ``list`` specified by ``index`` to the given ``value``.</doc>
<status status="PASS" start="2024-03-07T11:28:52.139638" elapsed="0.000000"/>
</kw>
<status status="PASS" start="2024-03-07T11:28:52.138712" elapsed="0.000926"/>
</branch>
<status status="PASS" start="2024-03-07T11:28:52.138712" elapsed="0.000926"/>
</if>
<kw name="Set To Dictionary" owner="Collections">
<arg>${dictionary}</arg>
<arg>${package}</arg>
<arg>${value}</arg>
<doc>Adds the given ``key_value_pairs`` and/or ``items`` to the ``dictionary``.</doc>
<status status="PASS" start="2024-03-07T11:28:52.139638" elapsed="0.000000"/>
</kw>
<arg>${timestamp_package}</arg>
<arg>${packages_dict}</arg>
<status status="PASS" start="2024-03-07T11:28:52.136725" elapsed="0.002913"/>
</kw>
<var name="${line}">03-14 17:57:59.906  5230  5252 I Layer: Destroyed ActivityRecord{d2590bc u0 com.sec.android.app.clockpackage}</var>
<status status="PASS" start="2024-03-07T11:28:52.135723" elapsed="0.003915"/>
</iter>
<var>${line}</var>
<value>@{lines}</value>
<status status="PASS" start="2024-03-07T11:28:52.087805" elapsed="0.051833"/>
</for>
<return>
<value>${packages_dict}</value>
<status status="PASS" start="2024-03-07T11:28:52.140709" elapsed="0.000000"/>
</return>
<msg time="2024-03-07T11:28:52.140709" level="INFO">${parsed_data} = {'com.sec.android.app.camera': ['03-14 17:56:07.504', '03-14 17:56:30.882', 23.378], 'com.netflix.mediaclient': ['03-14 17:56:29.534', '03-14 17:57:00.006', 30.472], 'com.android.vending': ['03-14 17:...</msg>
<var>${parsed_data}</var>
<arg>${LOG FILE}</arg>
<status status="PASS" start="2024-03-07T11:28:48.032281" elapsed="4.108428"/>
</kw>
<kw name="Log" owner="BuiltIn">
<msg time="2024-03-07T11:28:52.140709" level="INFO">{'com.sec.android.app.camera': ['03-14 17:56:07.504', '03-14 17:56:30.882', 23.378], 'com.netflix.mediaclient': ['03-14 17:56:29.534', '03-14 17:57:00.006', 30.472], 'com.android.vending': ['03-14 17:56:33.783', '03-14 17:56:49.245', 15.462], 'com.spotify.music': ['03-14 17:56:40.793', '03-14 17:56:58.802', 18.009], 'com.sec.android.app.popupcalculator': ['03-14 17:56:59.524', '03-14 17:57:25.200', 25.676], 'com.sec.android.app.clockpackage': ['03-14 17:57:16.608', '03-14 17:57:59.906', 43.298]}</msg>
<arg>${parsed_data}</arg>
<doc>Logs the given message with the given level.</doc>
<status status="PASS" start="2024-03-07T11:28:52.140709" elapsed="0.000000"/>
</kw>
<kw name="Create Log Analysis File">
<kw name="Set Variable" owner="BuiltIn">
<msg time="2024-03-07T11:28:52.141706" level="INFO">${output} = applications:
</msg>
<var>${output}</var>
<arg>applications:\n</arg>
<doc>Returns the given values which can then be assigned to a variables.</doc>
<status status="PASS" start="2024-03-07T11:28:52.141706" elapsed="0.000924"/>
</kw>
<kw name="Get Length" owner="BuiltIn">
<msg time="2024-03-07T11:28:52.142630" level="INFO">Length is 6.</msg>
<msg time="2024-03-07T11:28:52.142630" level="INFO">${dict_len} = 6</msg>
<var>${dict_len}</var>
<arg>${data}</arg>
<doc>Returns and logs the length of the given item as an integer.</doc>
<status status="PASS" start="2024-03-07T11:28:52.142630" elapsed="0.000000"/>
</kw>
<kw name="Get Dictionary Keys" owner="Collections">
<msg time="2024-03-07T11:28:52.142630" level="INFO">${packages} = ['com.sec.android.app.camera', 'com.netflix.mediaclient', 'com.android.vending', 'com.spotify.music', 'com.sec.android.app.popupcalculator', 'com.sec.android.app.clockpackage']</msg>
<var>${packages}</var>
<arg>${data}</arg>
<arg>sort_keys=False</arg>
<doc>Returns keys of the given ``dictionary`` as a list.</doc>
<status status="PASS" start="2024-03-07T11:28:52.142630" elapsed="0.000000"/>
</kw>
<for flavor="IN RANGE">
<iter>
<kw name="Set Variable" owner="BuiltIn">
<msg time="2024-03-07T11:28:52.142630" level="INFO">${name} = com.sec.android.app.camera</msg>
<var>${name}</var>
<arg>${packages}[${index}]</arg>
<doc>Returns the given values which can then be assigned to a variables.</doc>
<status status="PASS" start="2024-03-07T11:28:52.142630" elapsed="0.000000"/>
</kw>
<kw name="Get From Dictionary" owner="Collections">
<msg time="2024-03-07T11:28:52.143629" level="INFO">${timestamp_info} = ['03-14 17:56:07.504', '03-14 17:56:30.882', 23.378]</msg>
<var>${timestamp_info}</var>
<arg>${data}</arg>
<arg>${name}</arg>
<arg>${None}</arg>
<doc>Returns a value from the given ``dictionary`` based on the given ``key``.</doc>
<status status="PASS" start="2024-03-07T11:28:52.142630" elapsed="0.000999"/>
</kw>
<kw name="Set Variable" owner="BuiltIn">
<msg time="2024-03-07T11:28:52.144625" level="INFO">${app_output} = ['- application_1\n', '...', '- app_path:', 'com.sec.android.app.camera\n', '...', '- ts_app_started:', '03-14 17:56:07.504\n', '...', '- ts_app_closed:', '03-14 17:56:30.882\n', '...', '- lifespan:',...</msg>
<var>${app_output}</var>
<arg>- application_${index+1}\n</arg>
<arg>...</arg>
<arg>- app_path:</arg>
<arg>${name}\n</arg>
<arg>...</arg>
<arg>- ts_app_started:</arg>
<arg>${timestamp_info}[${START_TIMESTAMP_LIST_INDEX}]\n</arg>
<arg>...</arg>
<arg>- ts_app_closed:</arg>
<arg>${timestamp_info}[${END_TIMESTAMP_LIST_INDEX}]\n</arg>
<arg>...</arg>
<arg>- lifespan:</arg>
<arg>${timestamp_info}[${LIFESPAN_LIST_INDEX}]\n</arg>
<doc>Returns the given values which can then be assigned to a variables.</doc>
<status status="PASS" start="2024-03-07T11:28:52.143629" elapsed="0.000996"/>
</kw>
<kw name="Set Variable" owner="BuiltIn">
<msg time="2024-03-07T11:28:52.144625" level="INFO">${output} = applications:
[...]
<msg time="2024-03-07T11:28:47.537002" level="WARN">Error in file 'C:\Users\agiurgea\PycharmProjects\Internship-exercises\hlk_common\Smartphone\myrenault.robot' on line 2093: The '[Return]' setting is deprecated. Use the 'RETURN' statement instead.</msg>
<msg time="2024-03-07T11:28:47.539993" level="WARN">Error in file 'C:\Users\agiurgea\PycharmProjects\Internship-exercises\hlk_common\Smartphone\myrenault.robot' on line 2423: The '[Return]' setting is deprecated. Use the 'RETURN' statement instead.</msg>
<msg time="2024-03-07T11:28:47.539993" level="WARN">Error in file 'C:\Users\agiurgea\PycharmProjects\Internship-exercises\hlk_common\Smartphone\myrenault.robot' on line 2431: The '[Return]' setting is deprecated. Use the 'RETURN' statement instead.</msg>
<msg time="2024-03-07T11:28:47.540989" level="WARN">Error in file 'C:\Users\agiurgea\PycharmProjects\Internship-exercises\hlk_common\Smartphone\myrenault.robot' on line 2456: The '[Return]' setting is deprecated. Use the 'RETURN' statement instead.</msg>
<msg time="2024-03-07T11:28:47.541987" level="WARN">Error in file 'C:\Users\agiurgea\PycharmProjects\Internship-exercises\hlk_common\Smartphone\myrenault.robot' on line 2520: The '[Return]' setting is deprecated. Use the 'RETURN' statement instead.</msg>
<msg time="2024-03-07T11:28:47.544976" level="WARN">Error in file 'C:\Users\agiurgea\PycharmProjects\Internship-exercises\hlk_common\Smartphone\myrenault.robot' on line 2752: The '[Return]' setting is deprecated. Use the 'RETURN' statement instead.</msg>
<msg time="2024-03-07T11:28:47.566110" level="WARN">Error in file 'C:\Users\agiurgea\PycharmProjects\Internship-exercises\hlk_common\system.robot' on line 362: The '[Return]' setting is deprecated. Use the 'RETURN' statement instead.</msg>
<msg time="2024-03-07T11:28:47.578821" level="WARN">Error in file 'C:\Users\agiurgea\PycharmProjects\Internship-exercises\hlk_common\Tools\bench_config.robot' on line 132: The '[Return]' setting is deprecated. Use the 'RETURN' statement instead.</msg>
<msg time="2024-03-07T11:28:47.579807" level="WARN">Error in file 'C:\Users\agiurgea\PycharmProjects\Internship-exercises\hlk_common\Tools\bench_config.robot' on line 180: The '[Return]' setting is deprecated. Use the 'RETURN' statement instead.</msg>
<msg time="2024-03-07T11:28:47.620872" level="WARN">Error in file 'C:\Users\agiurgea\PycharmProjects\Internship-exercises\hlk_common\Tools\logs.robot' on line 457: The '[Return]' setting is deprecated. Use the 'RETURN' statement instead.</msg>
<msg time="2024-03-07T11:28:47.623944" level="WARN">Error in file 'C:\Users\agiurgea\PycharmProjects\Internship-exercises\hlk_common\Tools\logs.robot' on line 540: The '[Return]' setting is deprecated. Use the 'RETURN' statement instead.</msg>
<msg time="2024-03-07T11:28:47.624978" level="WARN">Error in file 'C:\Users\agiurgea\PycharmProjects\Internship-exercises\hlk_common\Tools\logs.robot' on line 558: The '[Return]' setting is deprecated. Use the 'RETURN' statement instead.</msg>
<msg time="2024-03-07T11:28:47.625853" level="WARN">Error in file 'C:\Users\agiurgea\PycharmProjects\Internship-exercises\hlk_common\Tools\logs.robot' on line 574: The '[Return]' setting is deprecated. Use the 'RETURN' statement instead.</msg>
<msg time="2024-03-07T11:28:47.626851" level="WARN">Error in file 'C:\Users\agiurgea\PycharmProjects\Internship-exercises\hlk_common\Tools\logs.robot' on line 590: The '[Return]' setting is deprecated. Use the 'RETURN' statement instead.</msg>
<msg time="2024-03-07T11:28:47.626851" level="WARN">Error in file 'C:\Users\agiurgea\PycharmProjects\Internship-exercises\hlk_common\Tools\logs.robot' on line 598: The '[Return]' setting is deprecated. Use the 'RETURN' statement instead.</msg>
<msg time="2024-03-07T11:28:47.627847" level="WARN">Error in file 'C:\Users\agiurgea\PycharmProjects\Internship-exercises\hlk_common\Tools\logs.robot' on line 611: The '[Return]' setting is deprecated. Use the 'RETURN' statement instead.</msg>
<msg time="2024-03-07T11:28:47.627847" level="WARN">Error in file 'C:\Users\agiurgea\PycharmProjects\Internship-exercises\hlk_common\Tools\logs.robot' on line 619: The '[Return]' setting is deprecated. Use the 'RETURN' statement instead.</msg>
<msg time="2024-03-07T11:28:47.627847" level="WARN">Error in file 'C:\Users\agiurgea\PycharmProjects\Internship-exercises\hlk_common\Tools\logs.robot' on line 632: The '[Return]' setting is deprecated. Use the 'RETURN' statement instead.</msg>
<msg time="2024-03-07T11:28:47.628844" level="WARN">Error in file 'C:\Users\agiurgea\PycharmProjects\Internship-exercises\hlk_common\Tools\logs.robot' on line 659: The '[Return]' setting is deprecated. Use the 'RETURN' statement instead.</msg>
<msg time="2024-03-07T11:28:47.628844" level="WARN">Error in file 'C:\Users\agiurgea\PycharmProjects\Internship-exercises\hlk_common\Tools\logs.robot' on line 675: The '[Return]' setting is deprecated. Use the 'RETURN' statement instead.</msg>
<msg time="2024-03-07T11:28:47.629851" level="WARN">Error in file 'C:\Users\agiurgea\PycharmProjects\Internship-exercises\hlk_common\Tools\logs.robot' on line 788: The '[Return]' setting is deprecated. Use the 'RETURN' statement instead.</msg>
<msg time="2024-03-07T11:28:47.629851" level="WARN">Error in file 'C:\Users\agiurgea\PycharmProjects\Internship-exercises\hlk_common\Tools\logs.robot' on line 821: The '[Return]' setting is deprecated. Use the 'RETURN' statement instead.</msg>
<msg time="2024-03-07T11:28:47.630837" level="WARN">Error in file 'C:\Users\agiurgea\PycharmProjects\Internship-exercises\hlk_common\Tools\logs.robot' on line 836: The '[Return]' setting is deprecated. Use the 'RETURN' statement instead.</msg>
<msg time="2024-03-07T11:28:47.631834" level="WARN">Error in file 'C:\Users\agiurgea\PycharmProjects\Internship-exercises\hlk_common\Tools\logs.robot' on line 884: The '[Return]' setting is deprecated. Use the 'RETURN' statement instead.</msg>
<msg time="2024-03-07T11:28:47.633828" level="WARN">Error in file 'C:\Users\agiurgea\PycharmProjects\Internship-exercises\hlk_common\Tools\logs.robot' on line 967: The '[Return]' setting is deprecated. Use the 'RETURN' statement instead.</msg>
<msg time="2024-03-07T11:28:47.633828" level="WARN">Error in file 'C:\Users\agiurgea\PycharmProjects\Internship-exercises\hlk_common\Tools\logs.robot' on line 999: The '[Return]' setting is deprecated. Use the 'RETURN' statement instead.</msg>
<msg time="2024-03-07T11:28:47.643454" level="WARN">Error in file 'C:\Users\agiurgea\PycharmProjects\Internship-exercises\hlk_common\Tools\tools.robot' on line 43: The '[Return]' setting is deprecated. Use the 'RETURN' statement instead.</msg>
<msg time="2024-03-07T11:28:47.643454" level="WARN">Error in file 'C:\Users\agiurgea\PycharmProjects\Internship-exercises\hlk_common\Tools\tools.robot' on line 55: The '[Return]' setting is deprecated. Use the 'RETURN' statement instead.</msg>
<msg time="2024-03-07T11:28:47.644447" level="WARN">Error in file 'C:\Users\agiurgea\PycharmProjects\Internship-exercises\hlk_common\Tools\tools.robot' on line 66: The '[Return]' setting is deprecated. Use the 'RETURN' statement instead.</msg>
<msg time="2024-03-07T11:28:47.644447" level="WARN">Error in file 'C:\Users\agiurgea\PycharmProjects\Internship-exercises\hlk_common\Tools\tools.robot' on line 97: The '[Return]' setting is deprecated. Use the 'RETURN' statement instead.</msg>
<msg time="2024-03-07T11:28:47.644447" level="WARN">Error in file 'C:\Users\agiurgea\PycharmProjects\Internship-exercises\hlk_common\Tools\tools.robot' on line 112: The '[Return]' setting is deprecated. Use the 'RETURN' statement instead.</msg>
<msg time="2024-03-07T11:28:47.644447" level="WARN">Error in file 'C:\Users\agiurgea\PycharmProjects\Internship-exercises\hlk_common\Tools\tools.robot' on line 120: The '[Return]' setting is deprecated. Use the 'RETURN' statement instead.</msg>
<msg time="2024-03-07T11:28:47.645444" level="WARN">Error in file 'C:\Users\agiurgea\PycharmProjects\Internship-exercises\hlk_common\Tools\tools.robot' on line 178: The '[Return]' setting is deprecated. Use the 'RETURN' statement instead.</msg>
<msg time="2024-03-07T11:28:47.754081" level="WARN">Error in file 'C:\Users\agiurgea\PycharmProjects\Internship-exercises\hlk_common\Vehicle\CAN\can_remote_services.robot' on line 1430: The '[Return]' setting is deprecated. Use the 'RETURN' statement instead.</msg>
<msg time="2024-03-07T11:28:47.756072" level="WARN">Error in file 'C:\Users\agiurgea\PycharmProjects\Internship-exercises\hlk_common\Vehicle\CAN\can_remote_services.robot' on line 1509: The '[Return]' setting is deprecated. Use the 'RETURN' statement instead.</msg>
<msg time="2024-03-07T11:28:47.756072" level="WARN">Error in file 'C:\Users\agiurgea\PycharmProjects\Internship-exercises\hlk_common\Vehicle\CAN\can_remote_services.robot' on line 1527: The '[Return]' setting is deprecated. Use the 'RETURN' statement instead.</msg>
<msg time="2024-03-07T11:28:47.759063" level="WARN">Error in file 'C:\Users\agiurgea\PycharmProjects\Internship-exercises\hlk_common\Vehicle\CAN\can_remote_services.robot' on line 1754: The '[Return]' setting is deprecated. Use the 'RETURN' statement instead.</msg>
<msg time="2024-03-07T11:28:47.764048" level="WARN">Error in file 'C:\Users\agiurgea\PycharmProjects\Internship-exercises\hlk_common\Vehicle\CAN\can_remote_services.robot' on line 2292: The '[Return]' setting is deprecated. Use the 'RETURN' statement instead.</msg>
<msg time="2024-03-07T11:28:47.775011" level="WARN">Error in file 'C:\Users\agiurgea\PycharmProjects\Internship-exercises\hlk_common\Vehicle\CAN\can_remote_services.robot' on line 3691: The '[Return]' setting is deprecated. Use the 'RETURN' statement instead.</msg>
<msg time="2024-03-07T11:28:47.805908" level="WARN">Error in file 'C:\Users\agiurgea\PycharmProjects\Internship-exercises\hlk_common\Vehicle\DOIP\doip.robot' on line 66: The '[Return]' setting is deprecated. Use the 'RETURN' statement instead.</msg>
<msg time="2024-03-07T11:28:47.807899" level="WARN">Error in file 'C:\Users\agiurgea\PycharmProjects\Internship-exercises\hlk_common\Vehicle\DOIP\doip.robot' on line 87: The '[Return]' setting is deprecated. Use the 'RETURN' statement instead.</msg>
<msg time="2024-03-07T11:28:47.807899" level="WARN">Error in file 'C:\Users\agiurgea\PycharmProjects\Internship-exercises\hlk_common\Vehicle\DOIP\doip.robot' on line 95: The '[Return]' setting is deprecated. Use the 'RETURN' statement instead.</msg>
<msg time="2024-03-07T11:28:47.808896" level="WARN">Error in file 'C:\Users\agiurgea\PycharmProjects\Internship-exercises\hlk_common\Vehicle\DOIP\doip.robot' on line 112: The '[Return]' setting is deprecated. Use the 'RETURN' statement instead.</msg>
<msg time="2024-03-07T11:28:47.809892" level="WARN">Error in file 'C:\Users\agiurgea\PycharmProjects\Internship-exercises\hlk_common\Vehicle\DOIP\doip.robot' on line 136: The '[Return]' setting is deprecated. Use the 'RETURN' statement instead.</msg>
<msg time="2024-03-07T11:28:47.810889" level="WARN">Error in file 'C:\Users\agiurgea\PycharmProjects\Internship-exercises\hlk_common\Vehicle\DOIP\doip.robot' on line 167: The '[Return]' setting is deprecated. Use the 'RETURN' statement instead.</msg>
<msg time="2024-03-07T11:28:47.810889" level="WARN">Error in file 'C:\Users\agiurgea\PycharmProjects\Internship-exercises\hlk_common\Vehicle\DOIP\doip.robot' on line 227: The '[Return]' setting is deprecated. Use the 'RETURN' statement instead.</msg>
<msg time="2024-03-07T11:28:47.811886" level="WARN">Error in file 'C:\Users\agiurgea\PycharmProjects\Internship-exercises\hlk_common\Vehicle\DOIP\doip.robot' on line 258: The '[Return]' setting is deprecated. Use the 'RETURN' statement instead.</msg>
<msg time="2024-03-07T11:28:47.811886" level="WARN">Error in file 'C:\Users\agiurgea\PycharmProjects\Internship-exercises\hlk_common\Vehicle\DOIP\doip.robot' on line 268: The '[Return]' setting is deprecated. Use the 'RETURN' statement instead.</msg>
<msg time="2024-03-07T11:28:47.812882" level="WARN">Error in file 'C:\Users\agiurgea\PycharmProjects\Internship-exercises\hlk_common\Vehicle\DOIP\doip.robot' on line 277: The '[Return]' setting is deprecated. Use the 'RETURN' statement instead.</msg>
<msg time="2024-03-07T11:28:47.812882" level="WARN">Error in file 'C:\Users\agiurgea\PycharmProjects\Internship-exercises\hlk_common\Vehicle\DOIP\doip.robot' on line 285: The '[Return]' setting is deprecated. Use the 'RETURN' statement instead.</msg>
<msg time="2024-03-07T11:28:47.812882" level="WARN">Error in file 'C:\Users\agiurgea\PycharmProjects\Internship-exercises\hlk_common\Vehicle\DOIP\doip.robot' on line 307: The '[Return]' setting is deprecated. Use the 'RETURN' statement instead.</msg>
<msg time="2024-03-07T11:28:47.813879" level="WARN">Error in file 'C:\Users\agiurgea\PycharmProjects\Internship-exercises\hlk_common\Vehicle\DOIP\doip.robot' on line 322: The '[Return]' setting is deprecated. Use the 'RETURN' statement instead.</msg>
<msg time="2024-03-07T11:28:47.813879" level="WARN">Error in file 'C:\Users\agiurgea\PycharmProjects\Internship-exercises\hlk_common\Vehicle\DOIP\doip.robot' on line 372: The '[Return]' setting is deprecated. Use the 'RETURN' statement instead.</msg>
<msg time="2024-03-07T11:28:47.814877" level="WARN">Error in file 'C:\Users\agiurgea\PycharmProjects\Internship-exercises\hlk_common\Vehicle\DOIP\doip.robot' on line 419: The '[Return]' setting is deprecated. Use the 'RETURN' statement instead.</msg>
<msg time="2024-03-07T11:28:47.814877" level="WARN">Error in file 'C:\Users\agiurgea\PycharmProjects\Internship-exercises\hlk_common\Vehicle\DOIP\doip.robot' on line 450: The '[Return]' setting is deprecated. Use the 'RETURN' statement instead.</msg>
<msg time="2024-03-07T11:28:47.814877" level="WARN">Error in file 'C:\Users\agiurgea\PycharmProjects\Internship-exercises\hlk_common\Vehicle\DOIP\doip.robot' on line 517: The '[Return]' setting is deprecated. Use the 'RETURN' statement instead.</msg>
<msg time="2024-03-07T11:28:47.815873" level="WARN">Error in file 'C:\Users\agiurgea\PycharmProjects\Internship-exercises\hlk_common\Vehicle\DOIP\doip.robot' on line 604: The '[Return]' setting is deprecated. Use the 'RETURN' statement instead.</msg>
<msg time="2024-03-07T11:28:47.815873" level="WARN">Error in file 'C:\Users\agiurgea\PycharmProjects\Internship-exercises\hlk_common\Vehicle\DOIP\doip.robot' on line 616: The '[Return]' setting is deprecated. Use the 'RETURN' statement instead.</msg>
<msg time="2024-03-07T11:28:47.816870" level="WARN">Error in file 'C:\Users\agiurgea\PycharmProjects\Internship-exercises\hlk_common\Vehicle\DOIP\doip.robot' on line 646: The '[Return]' setting is deprecated. Use the 'RETURN' statement instead.</msg>
<msg time="2024-03-07T11:28:47.816870" level="WARN">Error in file 'C:\Users\agiurgea\PycharmProjects\Internship-exercises\hlk_common\Vehicle\DOIP\doip.robot' on line 658: The '[Return]' setting is deprecated. Use the 'RETURN' statement instead.</msg>
<msg time="2024-03-07T11:28:47.817866" level="WARN">Error in file 'C:\Users\agiurgea\PycharmProjects\Internship-exercises\hlk_common\Vehicle\DOIP\doip.robot' on line 765: The '[Return]' setting is deprecated. Use the 'RETURN' statement instead.</msg>
<msg time="2024-03-07T11:28:47.819860" level="WARN">Error in file 'C:\Users\agiurgea\PycharmProjects\Internship-exercises\hlk_common\Vehicle\DOIP\doip.robot' on line 917: The '[Return]' setting is deprecated. Use the 'RETURN' statement instead.</msg>
<msg time="2024-03-07T11:28:47.850827" level="WARN">Error in file 'C:\Users\agiurgea\PycharmProjects\Internship-exercises\hlk_common\Vehicle\MQTT\mqtt_remote_services.robot' on line 671: The '[Return]' setting is deprecated. Use the 'RETURN' statement instead.</msg>
<msg time="2024-03-07T11:28:47.852821" level="WARN">Error in file 'C:\Users\agiurgea\PycharmProjects\Internship-exercises\hlk_common\Vehicle\MQTT\mqtt_remote_services.robot' on line 692: The '[Return]' setting is deprecated. Use the 'RETURN' statement instead.</msg>
<msg time="2024-03-07T11:28:47.937705" level="WARN">Error in file 'C:\Users\agiurgea\PycharmProjects\Internship-exercises\hlk_common\VNext\apim_notif_remote_services.robot' on line 228: The '[Return]' setting is deprecated. Use the 'RETURN' statement instead.</msg>
<msg time="2024-03-07T11:28:47.938701" level="WARN">Error in file 'C:\Users\agiurgea\PycharmProjects\Internship-exercises\hlk_common\VNext\apim_notif_remote_services.robot' on line 293: The '[Return]' setting is deprecated. Use the 'RETURN' statement instead.</msg>
<msg time="2024-03-07T11:28:47.939699" level="WARN">Error in file 'C:\Users\agiurgea\PycharmProjects\Internship-exercises\hlk_common\VNext\apim_notif_remote_services.robot' on line 324: The '[Return]' setting is deprecated. Use the 'RETURN' statement instead.</msg>
<msg time="2024-03-07T11:28:47.942698" level="WARN">Error in file 'C:\Users\agiurgea\PycharmProjects\Internship-exercises\hlk_common\VNext\apim_notif_remote_services.robot' on line 612: The '[Return]' setting is deprecated. Use the 'RETURN' statement instead.</msg>
<msg time="2024-03-07T11:28:47.945678" level="WARN">Error in file 'C:\Users\agiurgea\PycharmProjects\Internship-exercises\hlk_common\VNext\apim_notif_remote_services.robot' on line 966: The '[Return]' setting is deprecated. Use the 'RETURN' statement instead.</msg>
<msg time="2024-03-07T11:28:47.946676" level="WARN">Error in file 'C:\Users\agiurgea\PycharmProjects\Internship-exercises\hlk_common\VNext\apim_notif_remote_services.robot' on line 1085: The '[Return]' setting is deprecated. Use the 'RETURN' statement instead.</msg>
<msg time="2024-03-07T11:28:47.947671" level="WARN">Error in file 'C:\Users\agiurgea\PycharmProjects\Internship-exercises\hlk_common\VNext\apim_notif_remote_services.robot' on line 1175: The '[Return]' setting is deprecated. Use the 'RETURN' statement instead.</msg>
<msg time="2024-03-07T11:28:47.948667" level="WARN">Error in file 'C:\Users\agiurgea\PycharmProjects\Internship-exercises\hlk_common\VNext\apim_notif_remote_services.robot' on line 1204: The '[Return]' setting is deprecated. Use the 'RETURN' statement instead.</msg>
<msg time="2024-03-07T11:28:47.950661" level="WARN">Error in file 'C:\Users\agiurgea\PycharmProjects\Internship-exercises\hlk_common\VNext\apim_notif_remote_services.robot' on line 1463: The '[Return]' setting is deprecated. Use the 'RETURN' statement instead.</msg>
<msg time="2024-03-07T11:28:47.955654" level="WARN">Error in file 'C:\Users\agiurgea\PycharmProjects\Internship-exercises\hlk_common\VNext\apim_notif_remote_services.robot' on line 1937: The '[Return]' setting is deprecated. Use the 'RETURN' statement instead.</msg>
<msg time="2024-03-07T11:28:47.956641" level="WARN">Error in file 'C:\Users\agiurgea\PycharmProjects\Internship-exercises\hlk_common\VNext\apim_notif_remote_services.robot' on line 1972: The '[Return]' setting is deprecated. Use the 'RETURN' statement instead.</msg>
<msg time="2024-03-07T11:28:47.957638" level="WARN">Error in file 'C:\Users\agiurgea\PycharmProjects\Internship-exercises\hlk_common\VNext\apim_notif_remote_services.robot' on line 2093: The '[Return]' setting is deprecated. Use the 'RETURN' statement instead.</msg>
<msg time="2024-03-07T11:28:47.958635" level="WARN">Error in file 'C:\Users\agiurgea\PycharmProjects\Internship-exercises\hlk_common\VNext\apim_notif_remote_services.robot' on line 2177: The '[Return]' setting is deprecated. Use the 'RETURN' statement instead.</msg>
<msg time="2024-03-07T11:28:47.959631" level="WARN">Error in file 'C:\Users\agiurgea\PycharmProjects\Internship-exercises\hlk_common\VNext\apim_notif_remote_services.robot' on line 2328: The '[Return]' setting is deprecated. Use the 'RETURN' statement instead.</msg>
</errors>
</robot>
