<?xml version="1.0" encoding="UTF-8"?>
<robot generator="Robot 7.0 (Python 3.10.0 on win32)" generated="2024-02-22T10:31:05.061589" rpa="false" schemaversion="5">
<suite id="s1" name="Logcat" source="C:\Users\agiurgea\PycharmProjects\Internship-exercises\RobotFramework\logcat.robot">
<test id="s1-t1" name="Analyze Application Lifespan in Logcat" line="11">
<kw name="Get File" owner="OperatingSystem">
<msg time="2024-02-22T10:31:05.091764" level="INFO" html="true">Getting file '&lt;a href="file://C:\Users\agiurgea\PycharmProjects\Internship-exercises\RobotFramework\logcat_applications.txt"&gt;C:\Users\agiurgea\PycharmProjects\Internship-exercises\RobotFramework\logcat_applications.txt&lt;/a&gt;'.</msg>
<msg time="2024-02-22T10:31:05.091764" level="FAIL">FileNotFoundError: [Errno 2] No such file or directory: 'C:\\Users\\agiurgea\\PycharmProjects\\Internship-exercises\\RobotFramework\\logcat_applications.txt'</msg>
<var>${content}</var>
<arg>${LOGCAT_FILE}</arg>
<doc>Returns the contents of a specified file.</doc>
<status status="FAIL" start="2024-02-22T10:31:05.091764" elapsed="0.000000">FileNotFoundError: [Errno 2] No such file or directory: 'C:\\Users\\agiurgea\\PycharmProjects\\Internship-exercises\\RobotFramework\\logcat_applications.txt'</status>
</kw>
<kw name="Get Marker Time">
<var>${start_time}</var>
<arg>${content}</arg>
<arg>${START_MARKER}</arg>
<status status="NOT RUN" start="2024-02-22T10:31:05.092783" elapsed="0.000000"/>
</kw>
<kw name="Get Marker Time">
<var>${end_time}</var>
<arg>${content}</arg>
<arg>${END_MARKER}</arg>
<status status="NOT RUN" start="2024-02-22T10:31:05.092783" elapsed="0.000000"/>
</kw>
<kw name="Log" owner="BuiltIn">
<arg>Start Time: ${start_time}</arg>
<doc>Logs the given message with the given level.</doc>
<status status="NOT RUN" start="2024-02-22T10:31:05.093904" elapsed="0.000000"/>
</kw>
<kw name="Log" owner="BuiltIn">
<arg>End Time: ${end_time}</arg>
<doc>Logs the given message with the given level.</doc>
<status status="NOT RUN" start="2024-02-22T10:31:05.093904" elapsed="0.000000"/>
</kw>
<status status="FAIL" start="2024-02-22T10:31:05.090595" elapsed="0.004474">FileNotFoundError: [Errno 2] No such file or directory: 'C:\\Users\\agiurgea\\PycharmProjects\\Internship-exercises\\RobotFramework\\logcat_applications.txt'</status>
</test>
<status status="FAIL" start="2024-02-22T10:31:05.063788" elapsed="0.032394"/>
</suite>
<statistics>
<total>
<stat pass="0" fail="1" skip="0">All Tests</stat>
</total>
<tag>
</tag>
<suite>
<stat pass="0" fail="1" skip="0" id="s1" name="Logcat">Logcat</stat>
</suite>
</statistics>
<errors>
</errors>
</robot>
